<?xml version="1.0" encoding="UTF-8"?>
<coverage generated="1785236296223" clover="3.2.0">
  <project timestamp="1785236296223" name="All files">
    <metrics statements="1003" coveredstatements="994" conditionals="342" coveredconditionals="328" methods="117" coveredmethods="115" elements="1462" coveredelements="1437" complexity="0" loc="1003" ncloc="1003" packages="5" files="28" classes="28"/>
    <package name="board">
      <metrics statements="258" coveredstatements="258" conditionals="90" coveredconditionals="88" methods="34" coveredmethods="34"/>
      <file name="board-config.ts" path="E:\3HP-Project\game-test-3\src\core\board\board-config.ts">
        <metrics statements="7" coveredstatements="7" conditionals="0" coveredconditionals="0" methods="0" coveredmethods="0"/>
        <line num="31" count="1" type="stmt"/>
        <line num="34" count="1" type="stmt"/>
        <line num="50" count="1" type="stmt"/>
        <line num="51" count="1" type="stmt"/>
        <line num="52" count="1" type="stmt"/>
        <line num="53" count="1" type="stmt"/>
        <line num="54" count="1" type="stmt"/>
      </file>
      <file name="board-flags.ts" path="E:\3HP-Project\game-test-3\src\core\board\board-flags.ts">
        <metrics statements="12" coveredstatements="12" conditionals="3" coveredconditionals="3" methods="2" coveredmethods="2"/>
        <line num="11" count="1" type="stmt"/>
        <line num="12" count="1" type="stmt"/>
        <line num="13" count="1" type="stmt"/>
        <line num="14" count="1" type="stmt"/>
        <line num="15" count="1" type="stmt"/>
        <line num="17" count="1" type="stmt"/>
        <line num="20" count="1" type="cond" truecount="1" falsecount="0"/>
        <line num="21" count="2954" type="stmt"/>
        <line num="22" count="2954" type="stmt"/>
        <line num="25" count="1" type="cond" truecount="1" falsecount="0"/>
        <line num="26" count="977" type="cond" truecount="1" falsecount="0"/>
        <line num="27" count="977" type="stmt"/>
      </file>
      <file name="board-interface.ts" path="E:\3HP-Project\game-test-3\src\core\board\board-interface.ts">
        <metrics statements="0" coveredstatements="0" conditionals="1" coveredconditionals="1" methods="1" coveredmethods="1"/>
      </file>
      <file name="board-result.ts" path="E:\3HP-Project\game-test-3\src\core\board\board-result.ts">
        <metrics statements="15" coveredstatements="15" conditionals="4" coveredconditionals="4" methods="3" coveredmethods="3"/>
        <line num="37" count="1" type="stmt"/>
        <line num="40" count="1" type="cond" truecount="1" falsecount="0"/>
        <line num="41" count="7" type="stmt"/>
        <line num="42" count="7" type="stmt"/>
        <line num="49" count="1" type="stmt"/>
        <line num="50" count="1" type="cond" truecount="1" falsecount="0"/>
        <line num="51" count="17" type="stmt"/>
        <line num="52" count="17" type="stmt"/>
        <line num="53" count="17" type="stmt"/>
        <line num="54" count="1" type="stmt"/>
        <line num="61" count="1" type="cond" truecount="1" falsecount="0"/>
        <line num="62" count="6760" type="cond" truecount="1" falsecount="0"/>
        <line num="63" count="17" type="stmt"/>
        <line num="64" count="17" type="stmt"/>
        <line num="65" count="6760" type="stmt"/>
      </file>
      <file name="board-types.ts" path="E:\3HP-Project\game-test-3\src\core\board\board-types.ts">
        <metrics statements="6" coveredstatements="6" conditionals="1" coveredconditionals="1" methods="0" coveredmethods="0"/>
        <line num="25" count="1" type="cond" truecount="1" falsecount="0"/>
        <line num="27" count="1" type="stmt"/>
        <line num="29" count="1" type="stmt"/>
        <line num="31" count="1" type="stmt"/>
        <line num="33" count="1" type="stmt"/>
        <line num="35" count="1" type="stmt"/>
      </file>
      <file name="board.ts" path="E:\3HP-Project\game-test-3\src\core\board\board.ts">
        <metrics statements="192" coveredstatements="192" conditionals="69" coveredconditionals="67" methods="26" coveredmethods="26"/>
        <line num="44" count="1" type="stmt"/>
        <line num="46" count="1" type="stmt"/>
        <line num="48" count="1" type="stmt"/>
        <line num="49" count="1" type="stmt"/>
        <line num="50" count="1" type="stmt"/>
        <line num="53" count="1" type="stmt"/>
        <line num="54" count="1" type="stmt"/>
        <line num="55" count="1" type="stmt"/>
        <line num="56" count="1" type="stmt"/>
        <line num="57" count="1" type="stmt"/>
        <line num="58" count="1" type="stmt"/>
        <line num="61" count="1" type="stmt"/>
        <line num="62" count="1" type="stmt"/>
        <line num="63" count="1" type="stmt"/>
        <line num="64" count="1" type="stmt"/>
        <line num="65" count="1" type="stmt"/>
        <line num="66" count="1" type="stmt"/>
        <line num="68" count="1" type="stmt"/>
        <line num="69" count="1" type="cond" truecount="1" falsecount="0"/>
        <line num="70" count="1429" type="stmt"/>
        <line num="71" count="1429" type="stmt"/>
        <line num="72" count="1429" type="stmt"/>
        <line num="73" count="1429" type="stmt"/>
        <line num="74" count="1429" type="stmt"/>
        <line num="75" count="1429" type="stmt"/>
        <line num="76" count="1429" type="stmt"/>
        <line num="77" count="1429" type="stmt"/>
        <line num="80" count="1" type="cond" truecount="1" falsecount="0"/>
        <line num="81" count="284" type="stmt"/>
        <line num="82" count="284" type="stmt"/>
        <line num="83" count="284" type="stmt"/>
        <line num="84" count="284" type="stmt"/>
        <line num="85" count="284" type="stmt"/>
        <line num="86" count="284" type="stmt"/>
        <line num="87" count="284" type="stmt"/>
        <line num="88" count="284" type="stmt"/>
        <line num="89" count="284" type="stmt"/>
        <line num="90" count="284" type="stmt"/>
        <line num="91" count="284" type="stmt"/>
        <line num="94" count="1" type="cond" truecount="1" falsecount="0"/>
        <line num="95" count="5612" type="stmt"/>
        <line num="96" count="5612" type="stmt"/>
        <line num="98" count="1" type="cond" truecount="1" falsecount="0"/>
        <line num="99" count="912" type="cond" truecount="1" falsecount="0"/>
        <line num="100" count="912" type="stmt"/>
        <line num="102" count="1" type="cond" truecount="1" falsecount="0"/>
        <line num="103" count="834" type="cond" truecount="2" falsecount="0"/>
        <line num="104" count="834" type="stmt"/>
        <line num="108" count="1" type="cond" truecount="1" falsecount="0"/>
        <line num="109" count="6485" type="cond" truecount="3" falsecount="0"/>
        <line num="110" count="6485" type="stmt"/>
        <line num="112" count="1" type="cond" truecount="1" falsecount="0"/>
        <line num="113" count="977" type="stmt"/>
        <line num="114" count="977" type="stmt"/>
        <line num="115" count="977" type="stmt"/>
        <line num="116" count="977" type="stmt"/>
        <line num="117" count="977" type="stmt"/>
        <line num="118" count="977" type="stmt"/>
        <line num="119" count="977" type="stmt"/>
        <line num="120" count="977" type="stmt"/>
        <line num="121" count="977" type="stmt"/>
        <line num="122" count="977" type="stmt"/>
        <line num="123" count="977" type="stmt"/>
        <line num="125" count="1" type="cond" truecount="1" falsecount="0"/>
        <line num="126" count="84" type="stmt"/>
        <line num="127" count="84" type="stmt"/>
        <line num="128" count="84" type="stmt"/>
        <line num="130" count="1" type="cond" truecount="1" falsecount="0"/>
        <line num="131" count="2179" type="stmt"/>
        <line num="132" count="2179" type="stmt"/>
        <line num="133" count="2179" type="stmt"/>
        <line num="135" count="1" type="cond" truecount="1" falsecount="0"/>
        <line num="136" count="21" type="stmt"/>
        <line num="137" count="21" type="stmt"/>
        <line num="138" count="21" type="stmt"/>
        <line num="140" count="1" type="cond" truecount="1" falsecount="0"/>
        <line num="141" count="350" type="stmt"/>
        <line num="142" count="350" type="stmt"/>
        <line num="143" count="350" type="stmt"/>
        <line num="145" count="1" type="cond" truecount="1" falsecount="0"/>
        <line num="146" count="9" type="stmt"/>
        <line num="147" count="9" type="stmt"/>
        <line num="148" count="9" type="stmt"/>
        <line num="149" count="9" type="stmt"/>
        <line num="151" count="1" type="cond" truecount="1" falsecount="0"/>
        <line num="152" count="164" type="stmt"/>
        <line num="153" count="164" type="stmt"/>
        <line num="154" count="164" type="cond" truecount="2" falsecount="0"/>
        <line num="155" count="652" type="stmt"/>
        <line num="156" count="652" type="stmt"/>
        <line num="157" count="652" type="cond" truecount="1" falsecount="0"/>
        <line num="158" count="652" type="stmt"/>
        <line num="159" count="163" type="stmt"/>
        <line num="160" count="164" type="stmt"/>
        <line num="162" count="1" type="cond" truecount="1" falsecount="0"/>
        <line num="163" count="417" type="stmt"/>
        <line num="164" count="417" type="stmt"/>
        <line num="166" count="1" type="cond" truecount="1" falsecount="0"/>
        <line num="167" count="8" type="stmt"/>
        <line num="168" count="8" type="cond" truecount="1" falsecount="0"/>
        <line num="169" count="8" type="stmt"/>
        <line num="170" count="8" type="cond" truecount="2" falsecount="0"/>
        <line num="171" count="48" type="cond" truecount="1" falsecount="0"/>
        <line num="172" count="384" type="cond" truecount="1" falsecount="0"/>
        <line num="173" count="384" type="stmt"/>
        <line num="174" count="48" type="stmt"/>
        <line num="175" count="6" type="stmt"/>
        <line num="176" count="8" type="stmt"/>
        <line num="178" count="1" type="cond" truecount="1" falsecount="0"/>
        <line num="179" count="351" type="stmt"/>
        <line num="186" count="351" type="stmt"/>
        <line num="187" count="351" type="stmt"/>
        <line num="188" count="351" type="stmt"/>
        <line num="190" count="1" type="cond" truecount="1" falsecount="0"/>
        <line num="191" count="851" type="cond" truecount="3" falsecount="0"/>
        <line num="192" count="846" type="stmt"/>
        <line num="193" count="846" type="stmt"/>
        <line num="194" count="850" type="cond" truecount="2" falsecount="0"/>
        <line num="195" count="850" type="cond" truecount="2" falsecount="0"/>
        <line num="196" count="817" type="stmt"/>
        <line num="197" count="850" type="cond" truecount="3" falsecount="0"/>
        <line num="198" count="708" type="stmt"/>
        <line num="199" count="851" type="stmt"/>
        <line num="201" count="1" type="cond" truecount="1" falsecount="0"/>
        <line num="202" count="4" type="stmt"/>
        <line num="203" count="4" type="stmt"/>
        <line num="204" count="4" type="stmt"/>
        <line num="205" count="4" type="stmt"/>
        <line num="206" count="4" type="cond" truecount="2" falsecount="0"/>
        <line num="207" count="12" type="stmt"/>
        <line num="208" count="12" type="cond" truecount="0" falsecount="1"/>
        <line num="209" count="12" type="cond" truecount="0" falsecount="1"/>
        <line num="210" count="12" type="stmt"/>
        <line num="211" count="12" type="stmt"/>
        <line num="212" count="12" type="stmt"/>
        <line num="213" count="3" type="stmt"/>
        <line num="214" count="4" type="stmt"/>
        <line num="216" count="1" type="cond" truecount="1" falsecount="0"/>
        <line num="217" count="16" type="stmt"/>
        <line num="218" count="16" type="stmt"/>
        <line num="220" count="1" type="cond" truecount="1" falsecount="0"/>
        <line num="221" count="1145" type="stmt"/>
        <line num="222" count="1145" type="stmt"/>
        <line num="223" count="1145" type="stmt"/>
        <line num="224" count="1145" type="stmt"/>
        <line num="225" count="1145" type="stmt"/>
        <line num="226" count="1145" type="stmt"/>
        <line num="227" count="1145" type="stmt"/>
        <line num="228" count="1145" type="stmt"/>
        <line num="229" count="1145" type="stmt"/>
        <line num="230" count="1145" type="stmt"/>
        <line num="234" count="1" type="cond" truecount="1" falsecount="0"/>
        <line num="235" count="716" type="stmt"/>
        <line num="236" count="716" type="stmt"/>
        <line num="237" count="716" type="cond" truecount="2" falsecount="0"/>
        <line num="238" count="714" type="stmt"/>
        <line num="239" count="714" type="stmt"/>
        <line num="240" count="716" type="stmt"/>
        <line num="242" count="1" type="cond" truecount="1" falsecount="0"/>
        <line num="243" count="243" type="stmt"/>
        <line num="244" count="243" type="stmt"/>
        <line num="245" count="243" type="stmt"/>
        <line num="247" count="1" type="cond" truecount="1" falsecount="0"/>
        <line num="248" count="50" type="stmt"/>
        <line num="249" count="50" type="stmt"/>
        <line num="250" count="50" type="stmt"/>
        <line num="257" count="50" type="cond" truecount="3" falsecount="0"/>
        <line num="258" count="4" type="stmt"/>
        <line num="259" count="4" type="cond" truecount="1" falsecount="0"/>
        <line num="261" count="50" type="cond" truecount="1" falsecount="0"/>
        <line num="262" count="50" type="cond" truecount="4" falsecount="0"/>
        <line num="264" count="43" type="stmt"/>
        <line num="265" count="43" type="stmt"/>
        <line num="266" count="50" type="stmt"/>
        <line num="268" count="1" type="cond" truecount="1" falsecount="0"/>
        <line num="269" count="127" type="stmt"/>
        <line num="270" count="127" type="stmt"/>
        <line num="271" count="127" type="stmt"/>
        <line num="273" count="1" type="cond" truecount="1" falsecount="0"/>
        <line num="274" count="14" type="stmt"/>
        <line num="275" count="14" type="stmt"/>
        <line num="276" count="14" type="stmt"/>
        <line num="277" count="14" type="stmt"/>
        <line num="278" count="1" type="stmt"/>
        <line num="287" count="1" type="cond" truecount="1" falsecount="0"/>
        <line num="288" count="288" type="cond" truecount="1" falsecount="0"/>
        <line num="289" count="288" type="cond" truecount="1" falsecount="0"/>
        <line num="290" count="288" type="cond" truecount="1" falsecount="0"/>
        <line num="291" count="288" type="stmt"/>
        <line num="292" count="288" type="cond" truecount="1" falsecount="0"/>
        <line num="293" count="288" type="stmt"/>
        <line num="294" count="288" type="stmt"/>
      </file>
      <file name="reachable-tiles.ts" path="E:\3HP-Project\game-test-3\src\core\board\reachable-tiles.ts">
        <metrics statements="26" coveredstatements="26" conditionals="12" coveredconditionals="12" methods="2" coveredmethods="2"/>
        <line num="18" count="1" type="stmt"/>
        <line num="21" count="599" type="cond" truecount="1" falsecount="0"/>
        <line num="22" count="599" type="stmt"/>
        <line num="23" count="599" type="stmt"/>
        <line num="38" count="1" type="cond" truecount="1" falsecount="0"/>
        <line num="39" count="17" type="stmt"/>
        <line num="40" count="17" type="cond" truecount="1" falsecount="0"/>
        <line num="42" count="17" type="stmt"/>
        <line num="43" count="17" type="stmt"/>
        <line num="44" count="17" type="stmt"/>
        <line num="46" count="17" type="cond" truecount="2" falsecount="0"/>
        <line num="47" count="132" type="stmt"/>
        <line num="48" count="132" type="cond" truecount="1" falsecount="0"/>
        <line num="49" count="155" type="cond" truecount="1" falsecount="0"/>
        <line num="50" count="585" type="stmt"/>
        <line num="51" count="585" type="cond" truecount="2" falsecount="0"/>
        <line num="52" count="257" type="cond" truecount="2" falsecount="0"/>
        <line num="53" count="242" type="stmt"/>
        <line num="54" count="242" type="stmt"/>
        <line num="55" count="242" type="stmt"/>
        <line num="56" count="242" type="stmt"/>
        <line num="57" count="155" type="stmt"/>
        <line num="58" count="132" type="stmt"/>
        <line num="59" count="132" type="cond" truecount="1" falsecount="0"/>
        <line num="61" count="14" type="stmt"/>
        <line num="62" count="14" type="stmt"/>
      </file>
    </package>
    <package name="combat">
      <metrics statements="265" coveredstatements="263" conditionals="92" coveredconditionals="87" methods="29" coveredmethods="29"/>
      <file name="combat-config.ts" path="E:\3HP-Project\game-test-3\src\core\combat\combat-config.ts">
        <metrics statements="5" coveredstatements="5" conditionals="0" coveredconditionals="0" methods="0" coveredmethods="0"/>
        <line num="22" count="1" type="stmt"/>
        <line num="23" count="1" type="stmt"/>
        <line num="24" count="1" type="stmt"/>
        <line num="25" count="1" type="stmt"/>
        <line num="26" count="1" type="stmt"/>
      </file>
      <file name="combat-events.ts" path="E:\3HP-Project\game-test-3\src\core\combat\combat-events.ts">
        <metrics statements="0" coveredstatements="0" conditionals="1" coveredconditionals="1" methods="1" coveredmethods="1"/>
      </file>
      <file name="combat-resolve.ts" path="E:\3HP-Project\game-test-3\src\core\combat\combat-resolve.ts">
        <metrics statements="211" coveredstatements="209" conditionals="73" coveredconditionals="70" methods="13" coveredmethods="13"/>
        <line num="20" count="1" type="stmt"/>
        <line num="21" count="1" type="stmt"/>
        <line num="23" count="1" type="stmt"/>
        <line num="24" count="1" type="stmt"/>
        <line num="52" count="720" type="cond" truecount="1" falsecount="0"/>
        <line num="53" count="720" type="stmt"/>
        <line num="54" count="720" type="stmt"/>
        <line num="55" count="720" type="stmt"/>
        <line num="62" count="132" type="cond" truecount="1" falsecount="0"/>
        <line num="63" count="132" type="cond" truecount="1" falsecount="0"/>
        <line num="64" count="315" type="cond" truecount="1" falsecount="0"/>
        <line num="65" count="1779" type="cond" truecount="1" falsecount="0"/>
        <line num="66" count="1779" type="cond" truecount="1" falsecount="0"/>
        <line num="67" count="183" type="cond" truecount="0" falsecount="1"/>
        <line num="68" count="0" type="stmt"/>
        <line num="69" count="0" type="stmt"/>
        <line num="77" count="156" type="cond" truecount="1" falsecount="0"/>
        <line num="78" count="156" type="cond" truecount="1" falsecount="0"/>
        <line num="79" count="591" type="cond" truecount="1" falsecount="0"/>
        <line num="80" count="8" type="stmt"/>
        <line num="81" count="591" type="cond" truecount="2" falsecount="0"/>
        <line num="82" count="2" type="stmt"/>
        <line num="83" count="2" type="cond" truecount="1" falsecount="0"/>
        <line num="84" count="2" type="stmt"/>
        <line num="85" count="2" type="stmt"/>
        <line num="86" count="2" type="stmt"/>
        <line num="87" count="591" type="cond" truecount="1" falsecount="0"/>
        <line num="88" count="154" type="stmt"/>
        <line num="93" count="236" type="cond" truecount="1" falsecount="0"/>
        <line num="94" count="236" type="cond" truecount="0" falsecount="1"/>
        <line num="95" count="236" type="stmt"/>
        <line num="96" count="236" type="stmt"/>
        <line num="97" count="236" type="stmt"/>
        <line num="98" count="236" type="stmt"/>
        <line num="99" count="236" type="cond" truecount="1" falsecount="0"/>
        <line num="100" count="236" type="stmt"/>
        <line num="103" count="9" type="cond" truecount="1" falsecount="0"/>
        <line num="104" count="9" type="cond" truecount="2" falsecount="0"/>
        <line num="105" count="8" type="stmt"/>
        <line num="106" count="8" type="stmt"/>
        <line num="107" count="8" type="stmt"/>
        <line num="108" count="8" type="stmt"/>
        <line num="109" count="8" type="stmt"/>
        <line num="110" count="8" type="stmt"/>
        <line num="113" count="219" type="cond" truecount="1" falsecount="0"/>
        <line num="114" count="219" type="stmt"/>
        <line num="115" count="219" type="cond" truecount="1" falsecount="0"/>
        <line num="116" count="2" type="stmt"/>
        <line num="117" count="2" type="stmt"/>
        <line num="118" count="2" type="cond" truecount="1" falsecount="0"/>
        <line num="119" count="217" type="stmt"/>
        <line num="120" count="217" type="stmt"/>
        <line num="121" count="219" type="stmt"/>
        <line num="122" count="219" type="stmt"/>
        <line num="124" count="219" type="stmt"/>
        <line num="127" count="12" type="cond" truecount="1" falsecount="0"/>
        <line num="128" count="12" type="stmt"/>
        <line num="129" count="12" type="cond" truecount="2" falsecount="0"/>
        <line num="130" count="2" type="stmt"/>
        <line num="131" count="2" type="stmt"/>
        <line num="132" count="2" type="stmt"/>
        <line num="133" count="10" type="stmt"/>
        <line num="134" count="10" type="stmt"/>
        <line num="137" count="112" type="cond" truecount="1" falsecount="0"/>
        <line num="138" count="112" type="stmt"/>
        <line num="139" count="112" type="stmt"/>
        <line num="140" count="112" type="stmt"/>
        <line num="141" count="112" type="stmt"/>
        <line num="142" count="112" type="stmt"/>
        <line num="143" count="112" type="cond" truecount="2" falsecount="0"/>
        <line num="144" count="112" type="stmt"/>
        <line num="145" count="112" type="stmt"/>
        <line num="146" count="112" type="stmt"/>
        <line num="147" count="112" type="stmt"/>
        <line num="166" count="115" type="cond" truecount="1" falsecount="0"/>
        <line num="167" count="115" type="stmt"/>
        <line num="168" count="115" type="cond" truecount="2" falsecount="0"/>
        <line num="169" count="113" type="stmt"/>
        <line num="170" count="113" type="cond" truecount="3" falsecount="0"/>
        <line num="172" count="12" type="stmt"/>
        <line num="173" count="15" type="cond" truecount="1" falsecount="0"/>
        <line num="174" count="11" type="stmt"/>
        <line num="175" count="11" type="stmt"/>
        <line num="176" count="11" type="cond" truecount="1" falsecount="0"/>
        <line num="178" count="12" type="stmt"/>
        <line num="179" count="115" type="cond" truecount="2" falsecount="0"/>
        <line num="180" count="6" type="stmt"/>
        <line num="181" count="6" type="cond" truecount="1" falsecount="0"/>
        <line num="182" count="1" type="stmt"/>
        <line num="183" count="1" type="stmt"/>
        <line num="184" count="6" type="cond" truecount="1" falsecount="0"/>
        <line num="185" count="5" type="stmt"/>
        <line num="186" count="5" type="stmt"/>
        <line num="187" count="6" type="stmt"/>
        <line num="188" count="115" type="stmt"/>
        <line num="191" count="3" type="cond" truecount="1" falsecount="0"/>
        <line num="192" count="3" type="cond" truecount="2" falsecount="0"/>
        <line num="193" count="1" type="stmt"/>
        <line num="194" count="1" type="stmt"/>
        <line num="195" count="1" type="cond" truecount="1" falsecount="0"/>
        <line num="196" count="2" type="stmt"/>
        <line num="197" count="2" type="stmt"/>
        <line num="198" count="3" type="stmt"/>
        <line num="200" count="3" type="stmt"/>
        <line num="201" count="3" type="stmt"/>
        <line num="202" count="3" type="stmt"/>
        <line num="203" count="3" type="stmt"/>
        <line num="204" count="3" type="stmt"/>
        <line num="207" count="3" type="cond" truecount="2" falsecount="0"/>
        <line num="208" count="3" type="cond" truecount="1" falsecount="0"/>
        <line num="209" count="3" type="stmt"/>
        <line num="219" count="120" type="cond" truecount="1" falsecount="0"/>
        <line num="220" count="120" type="cond" truecount="0" falsecount="1"/>
        <line num="221" count="120" type="stmt"/>
        <line num="222" count="120" type="stmt"/>
        <line num="224" count="120" type="stmt"/>
        <line num="225" count="120" type="cond" truecount="1" falsecount="0"/>
        <line num="226" count="335" type="stmt"/>
        <line num="227" count="335" type="stmt"/>
        <line num="229" count="335" type="stmt"/>
        <line num="230" count="335" type="cond" truecount="1" falsecount="0"/>
        <line num="231" count="221" type="stmt"/>
        <line num="232" count="221" type="stmt"/>
        <line num="233" count="221" type="cond" truecount="1" falsecount="0"/>
        <line num="234" count="221" type="stmt"/>
        <line num="235" count="221" type="stmt"/>
        <line num="236" count="221" type="stmt"/>
        <line num="237" count="221" type="stmt"/>
        <line num="238" count="335" type="cond" truecount="1" falsecount="0"/>
        <line num="239" count="1" type="stmt"/>
        <line num="240" count="1" type="stmt"/>
        <line num="241" count="1" type="stmt"/>
        <line num="242" count="1" type="stmt"/>
        <line num="243" count="335" type="cond" truecount="1" falsecount="0"/>
        <line num="244" count="6" type="stmt"/>
        <line num="245" count="6" type="stmt"/>
        <line num="246" count="6" type="stmt"/>
        <line num="247" count="6" type="stmt"/>
        <line num="248" count="335" type="cond" truecount="1" falsecount="0"/>
        <line num="249" count="1" type="stmt"/>
        <line num="250" count="1" type="stmt"/>
        <line num="251" count="1" type="stmt"/>
        <line num="252" count="1" type="stmt"/>
        <line num="253" count="1" type="stmt"/>
        <line num="254" count="335" type="cond" truecount="1" falsecount="0"/>
        <line num="255" count="106" type="stmt"/>
        <line num="256" count="106" type="stmt"/>
        <line num="257" count="106" type="stmt"/>
        <line num="258" count="106" type="stmt"/>
        <line num="259" count="106" type="stmt"/>
        <line num="260" count="106" type="stmt"/>
        <line num="261" count="106" type="stmt"/>
        <line num="262" count="106" type="stmt"/>
        <line num="263" count="106" type="stmt"/>
        <line num="264" count="106" type="stmt"/>
        <line num="265" count="106" type="stmt"/>
        <line num="266" count="106" type="stmt"/>
        <line num="267" count="335" type="stmt"/>
        <line num="268" count="335" type="cond" truecount="1" falsecount="0"/>
        <line num="269" count="6" type="stmt"/>
        <line num="270" count="6" type="stmt"/>
        <line num="274" count="588" type="cond" truecount="1" falsecount="0"/>
        <line num="275" count="588" type="stmt"/>
        <line num="276" count="588" type="cond" truecount="1" falsecount="0"/>
        <line num="277" count="6" type="stmt"/>
        <line num="278" count="6" type="stmt"/>
        <line num="279" count="588" type="cond" truecount="1" falsecount="0"/>
        <line num="280" count="119" type="stmt"/>
        <line num="281" count="119" type="stmt"/>
        <line num="282" count="588" type="cond" truecount="1" falsecount="0"/>
        <line num="283" count="1" type="stmt"/>
        <line num="284" count="1" type="stmt"/>
        <line num="285" count="588" type="cond" truecount="1" falsecount="0"/>
        <line num="286" count="3" type="stmt"/>
        <line num="287" count="3" type="stmt"/>
        <line num="288" count="588" type="cond" truecount="1" falsecount="0"/>
        <line num="289" count="112" type="stmt"/>
        <line num="290" count="112" type="stmt"/>
        <line num="291" count="588" type="cond" truecount="1" falsecount="0"/>
        <line num="292" count="112" type="stmt"/>
        <line num="293" count="112" type="stmt"/>
        <line num="294" count="588" type="cond" truecount="1" falsecount="0"/>
        <line num="295" count="4" type="stmt"/>
        <line num="296" count="4" type="stmt"/>
        <line num="297" count="588" type="cond" truecount="1" falsecount="0"/>
        <line num="298" count="12" type="stmt"/>
        <line num="299" count="12" type="stmt"/>
        <line num="300" count="588" type="cond" truecount="1" falsecount="0"/>
        <line num="301" count="219" type="stmt"/>
        <line num="302" count="219" type="stmt"/>
        <line num="303" count="588" type="stmt"/>
        <line num="304" count="588" type="stmt"/>
        <line num="323" count="1" type="cond" truecount="1" falsecount="0"/>
        <line num="324" count="156" type="stmt"/>
        <line num="325" count="156" type="stmt"/>
        <line num="326" count="156" type="stmt"/>
        <line num="327" count="156" type="stmt"/>
        <line num="328" count="156" type="stmt"/>
        <line num="329" count="156" type="stmt"/>
        <line num="330" count="156" type="stmt"/>
        <line num="331" count="156" type="stmt"/>
        <line num="332" count="156" type="stmt"/>
        <line num="333" count="156" type="cond" truecount="1" falsecount="0"/>
        <line num="334" count="156" type="cond" truecount="1" falsecount="0"/>
        <line num="335" count="156" type="stmt"/>
        <line num="336" count="156" type="stmt"/>
        <line num="337" count="156" type="cond" truecount="1" falsecount="0"/>
        <line num="338" count="588" type="stmt"/>
        <line num="339" count="588" type="cond" truecount="1" falsecount="0"/>
        <line num="340" count="154" type="stmt"/>
        <line num="341" count="154" type="stmt"/>
      </file>
      <file name="combat-state.ts" path="E:\3HP-Project\game-test-3\src\core\combat\combat-state.ts">
        <metrics statements="49" coveredstatements="49" conditionals="17" coveredconditionals="15" methods="14" coveredmethods="14"/>
        <line num="26" count="1" type="stmt"/>
        <line num="35" count="133" type="cond" truecount="1" falsecount="0"/>
        <line num="36" count="133" type="stmt"/>
        <line num="37" count="133" type="stmt"/>
        <line num="45" count="1" type="stmt"/>
        <line num="46" count="1" type="cond" truecount="1" falsecount="0"/>
        <line num="47" count="151" type="stmt"/>
        <line num="49" count="1" type="cond" truecount="1" falsecount="0"/>
        <line num="52" count="1" type="cond" truecount="1" falsecount="0"/>
        <line num="53" count="148" type="stmt"/>
        <line num="54" count="148" type="stmt"/>
        <line num="59" count="1" type="cond" truecount="1" falsecount="0"/>
        <line num="60" count="377" type="stmt"/>
        <line num="61" count="377" type="stmt"/>
        <line num="64" count="1" type="cond" truecount="1" falsecount="0"/>
        <line num="65" count="253" type="stmt"/>
        <line num="66" count="253" type="stmt"/>
        <line num="67" count="253" type="stmt"/>
        <line num="68" count="253" type="stmt"/>
        <line num="71" count="1" type="cond" truecount="1" falsecount="0"/>
        <line num="72" count="236" type="stmt"/>
        <line num="73" count="236" type="stmt"/>
        <line num="74" count="236" type="stmt"/>
        <line num="75" count="236" type="stmt"/>
        <line num="78" count="1" type="cond" truecount="1" falsecount="0"/>
        <line num="79" count="12" type="cond" truecount="0" falsecount="1"/>
        <line num="80" count="12" type="stmt"/>
        <line num="83" count="1" type="cond" truecount="1" falsecount="0"/>
        <line num="84" count="260" type="stmt"/>
        <line num="85" count="260" type="stmt"/>
        <line num="88" count="1" type="cond" truecount="1" falsecount="0"/>
        <line num="89" count="8" type="stmt"/>
        <line num="90" count="8" type="stmt"/>
        <line num="95" count="1" type="cond" truecount="1" falsecount="0"/>
        <line num="96" count="12" type="stmt"/>
        <line num="97" count="12" type="stmt"/>
        <line num="100" count="1" type="cond" truecount="1" falsecount="0"/>
        <line num="101" count="120" type="stmt"/>
        <line num="102" count="120" type="stmt"/>
        <line num="105" count="1" type="cond" truecount="1" falsecount="0"/>
        <line num="106" count="1" type="stmt"/>
        <line num="107" count="1" type="stmt"/>
        <line num="116" count="1" type="cond" truecount="1" falsecount="0"/>
        <line num="117" count="3" type="stmt"/>
        <line num="118" count="3" type="cond" truecount="1" falsecount="0"/>
        <line num="119" count="3" type="cond" truecount="0" falsecount="1"/>
        <line num="120" count="3" type="stmt"/>
        <line num="121" count="3" type="stmt"/>
        <line num="122" count="1" type="stmt"/>
      </file>
      <file name="combat-types.ts" path="E:\3HP-Project\game-test-3\src\core\combat\combat-types.ts">
        <metrics statements="0" coveredstatements="0" conditionals="1" coveredconditionals="1" methods="1" coveredmethods="1"/>
      </file>
    </package>
    <package name="events">
      <metrics statements="28" coveredstatements="28" conditionals="14" coveredconditionals="14" methods="4" coveredmethods="4"/>
      <file name="event-bus.ts" path="E:\3HP-Project\game-test-3\src\core\events\event-bus.ts">
        <metrics statements="28" coveredstatements="28" conditionals="14" coveredconditionals="14" methods="4" coveredmethods="4"/>
        <line num="99" count="1" type="stmt"/>
        <line num="100" count="1" type="cond" truecount="1" falsecount="0"/>
        <line num="116" count="1" type="cond" truecount="1" falsecount="0"/>
        <line num="117" count="330" type="stmt"/>
        <line num="118" count="330" type="cond" truecount="1" falsecount="0"/>
        <line num="119" count="322" type="stmt"/>
        <line num="120" count="322" type="stmt"/>
        <line num="121" count="322" type="stmt"/>
        <line num="131" count="330" type="stmt"/>
        <line num="132" count="330" type="stmt"/>
        <line num="150" count="1" type="cond" truecount="1" falsecount="0"/>
        <line num="151" count="6" type="stmt"/>
        <line num="152" count="6" type="cond" truecount="2" falsecount="0"/>
        <line num="153" count="5" type="stmt"/>
        <line num="154" count="5" type="stmt"/>
        <line num="155" count="6" type="cond" truecount="1" falsecount="0"/>
        <line num="156" count="4" type="stmt"/>
        <line num="157" count="4" type="stmt"/>
        <line num="158" count="6" type="stmt"/>
        <line num="175" count="1" type="cond" truecount="1" falsecount="0"/>
        <line num="176" count="1206" type="stmt"/>
        <line num="177" count="1206" type="cond" truecount="4" falsecount="0"/>
        <line num="178" count="186" type="stmt"/>
        <line num="179" count="188" type="cond" truecount="1" falsecount="0"/>
        <line num="180" count="192" type="stmt"/>
        <line num="181" count="192" type="cond" truecount="1" falsecount="0"/>
        <line num="182" count="1206" type="stmt"/>
        <line num="183" count="1" type="stmt"/>
      </file>
    </package>
    <package name="input">
      <metrics statements="275" coveredstatements="274" conditionals="97" coveredconditionals="96" methods="24" coveredmethods="24"/>
      <file name="click-precision.ts" path="E:\3HP-Project\game-test-3\src\core\input\click-precision.ts">
        <metrics statements="11" coveredstatements="11" conditionals="2" coveredconditionals="2" methods="1" coveredmethods="1"/>
        <line num="38" count="1" type="cond" truecount="1" falsecount="0"/>
        <line num="39" count="73" type="stmt"/>
        <line num="40" count="73" type="stmt"/>
        <line num="41" count="73" type="stmt"/>
        <line num="42" count="73" type="stmt"/>
        <line num="43" count="73" type="stmt"/>
        <line num="44" count="73" type="stmt"/>
        <line num="45" count="73" type="stmt"/>
        <line num="46" count="73" type="stmt"/>
        <line num="48" count="73" type="cond" truecount="1" falsecount="0"/>
        <line num="49" count="73" type="stmt"/>
      </file>
      <file name="coordinate-transform.ts" path="E:\3HP-Project\game-test-3\src\core\input\coordinate-transform.ts">
        <metrics statements="14" coveredstatements="14" conditionals="7" coveredconditionals="7" methods="2" coveredmethods="2"/>
        <line num="89" count="1" type="cond" truecount="1" falsecount="0"/>
        <line num="90" count="210" type="stmt"/>
        <line num="91" count="210" type="stmt"/>
        <line num="93" count="210" type="cond" truecount="4" falsecount="0"/>
        <line num="94" count="12" type="stmt"/>
        <line num="95" count="12" type="cond" truecount="1" falsecount="0"/>
        <line num="97" count="198" type="stmt"/>
        <line num="98" count="198" type="stmt"/>
        <line num="121" count="1" type="cond" truecount="1" falsecount="0"/>
        <line num="122" count="196" type="stmt"/>
        <line num="123" count="196" type="stmt"/>
        <line num="124" count="196" type="stmt"/>
        <line num="125" count="196" type="stmt"/>
        <line num="126" count="196" type="stmt"/>
      </file>
      <file name="selection-config.ts" path="E:\3HP-Project\game-test-3\src\core\input\selection-config.ts">
        <metrics statements="5" coveredstatements="5" conditionals="0" coveredconditionals="0" methods="0" coveredmethods="0"/>
        <line num="43" count="1" type="stmt"/>
        <line num="44" count="1" type="stmt"/>
        <line num="45" count="1" type="stmt"/>
        <line num="46" count="1" type="stmt"/>
        <line num="47" count="1" type="stmt"/>
      </file>
      <file name="selection-events.ts" path="E:\3HP-Project\game-test-3\src\core\input\selection-events.ts">
        <metrics statements="0" coveredstatements="0" conditionals="1" coveredconditionals="1" methods="1" coveredmethods="1"/>
      </file>
      <file name="selection-ports.ts" path="E:\3HP-Project\game-test-3\src\core\input\selection-ports.ts">
        <metrics statements="0" coveredstatements="0" conditionals="1" coveredconditionals="1" methods="1" coveredmethods="1"/>
      </file>
      <file name="selection-result.ts" path="E:\3HP-Project\game-test-3\src\core\input\selection-result.ts">
        <metrics statements="15" coveredstatements="15" conditionals="4" coveredconditionals="4" methods="3" coveredmethods="3"/>
        <line num="48" count="1" type="stmt"/>
        <line num="51" count="1" type="cond" truecount="1" falsecount="0"/>
        <line num="52" count="13" type="stmt"/>
        <line num="53" count="13" type="stmt"/>
        <line num="60" count="1" type="stmt"/>
        <line num="61" count="1" type="cond" truecount="1" falsecount="0"/>
        <line num="62" count="2" type="stmt"/>
        <line num="63" count="2" type="stmt"/>
        <line num="64" count="2" type="stmt"/>
        <line num="65" count="1" type="stmt"/>
        <line num="68" count="1" type="cond" truecount="1" falsecount="0"/>
        <line num="69" count="99" type="cond" truecount="1" falsecount="0"/>
        <line num="70" count="2" type="stmt"/>
        <line num="71" count="2" type="stmt"/>
        <line num="72" count="99" type="stmt"/>
      </file>
      <file name="selection-state-machine.ts" path="E:\3HP-Project\game-test-3\src\core\input\selection-state-machine.ts">
        <metrics statements="230" coveredstatements="229" conditionals="81" coveredconditionals="80" methods="15" coveredmethods="15"/>
        <line num="34" count="1" type="stmt"/>
        <line num="36" count="1" type="stmt"/>
        <line num="38" count="1" type="stmt"/>
        <line num="42" count="1" type="stmt"/>
        <line num="83" count="2" type="cond" truecount="1" falsecount="0"/>
        <line num="84" count="2" type="stmt"/>
        <line num="85" count="2" type="stmt"/>
        <line num="91" count="1" type="stmt"/>
        <line num="92" count="1" type="cond" truecount="1" falsecount="0"/>
        <line num="93" count="50" type="stmt"/>
        <line num="95" count="50" type="stmt"/>
        <line num="96" count="50" type="stmt"/>
        <line num="97" count="50" type="stmt"/>
        <line num="99" count="50" type="stmt"/>
        <line num="101" count="1" type="cond" truecount="1" falsecount="0"/>
        <line num="102" count="50" type="stmt"/>
        <line num="103" count="50" type="stmt"/>
        <line num="104" count="50" type="stmt"/>
        <line num="105" count="50" type="stmt"/>
        <line num="106" count="50" type="stmt"/>
        <line num="107" count="50" type="stmt"/>
        <line num="108" count="50" type="stmt"/>
        <line num="109" count="50" type="stmt"/>
        <line num="110" count="50" type="stmt"/>
        <line num="111" count="50" type="stmt"/>
        <line num="112" count="50" type="cond" truecount="1" falsecount="0"/>
        <line num="114" count="50" type="stmt"/>
        <line num="115" count="50" type="stmt"/>
        <line num="116" count="50" type="stmt"/>
        <line num="117" count="50" type="stmt"/>
        <line num="118" count="50" type="stmt"/>
        <line num="119" count="50" type="stmt"/>
        <line num="120" count="50" type="stmt"/>
        <line num="121" count="50" type="stmt"/>
        <line num="122" count="50" type="stmt"/>
        <line num="125" count="1" type="cond" truecount="1" falsecount="0"/>
        <line num="126" count="51" type="stmt"/>
        <line num="127" count="51" type="stmt"/>
        <line num="130" count="1" type="cond" truecount="1" falsecount="0"/>
        <line num="131" count="1" type="stmt"/>
        <line num="132" count="1" type="stmt"/>
        <line num="143" count="1" type="cond" truecount="1" falsecount="0"/>
        <line num="144" count="100" type="stmt"/>
        <line num="145" count="100" type="stmt"/>
        <line num="146" count="100" type="cond" truecount="1" falsecount="0"/>
        <line num="148" count="100" type="cond" truecount="1" falsecount="0"/>
        <line num="149" count="8" type="cond" truecount="1" falsecount="0"/>
        <line num="153" count="7" type="stmt"/>
        <line num="154" count="7" type="stmt"/>
        <line num="155" count="7" type="stmt"/>
        <line num="156" count="7" type="stmt"/>
        <line num="157" count="7" type="stmt"/>
        <line num="158" count="8" type="stmt"/>
        <line num="159" count="8" type="cond" truecount="1" falsecount="0"/>
        <line num="161" count="100" type="cond" truecount="1" falsecount="0"/>
        <line num="162" count="4" type="cond" truecount="1" falsecount="0"/>
        <line num="163" count="4" type="stmt"/>
        <line num="164" count="4" type="stmt"/>
        <line num="165" count="100" type="stmt"/>
        <line num="168" count="1" type="cond" truecount="1" falsecount="0"/>
        <line num="169" count="64" type="stmt"/>
        <line num="170" count="64" type="stmt"/>
        <line num="177" count="1" type="cond" truecount="1" falsecount="0"/>
        <line num="178" count="65" type="stmt"/>
        <line num="180" count="65" type="stmt"/>
        <line num="181" count="65" type="stmt"/>
        <line num="183" count="65" type="cond" truecount="1" falsecount="0"/>
        <line num="184" count="2" type="stmt"/>
        <line num="185" count="2" type="cond" truecount="1" falsecount="0"/>
        <line num="187" count="65" type="cond" truecount="1" falsecount="0"/>
        <line num="188" count="1" type="stmt"/>
        <line num="189" count="1" type="cond" truecount="1" falsecount="0"/>
        <line num="191" count="62" type="stmt"/>
        <line num="192" count="65" type="cond" truecount="1" falsecount="0"/>
        <line num="193" count="3" type="stmt"/>
        <line num="194" count="3" type="cond" truecount="1" falsecount="0"/>
        <line num="196" count="59" type="stmt"/>
        <line num="197" count="59" type="stmt"/>
        <line num="198" count="65" type="stmt"/>
        <line num="206" count="1" type="cond" truecount="1" falsecount="0"/>
        <line num="207" count="2" type="stmt"/>
        <line num="209" count="2" type="stmt"/>
        <line num="210" count="2" type="cond" truecount="1" falsecount="0"/>
        <line num="211" count="1" type="stmt"/>
        <line num="212" count="1" type="stmt"/>
        <line num="213" count="2" type="cond" truecount="1" falsecount="0"/>
        <line num="214" count="1" type="stmt"/>
        <line num="215" count="1" type="stmt"/>
        <line num="216" count="2" type="stmt"/>
        <line num="219" count="1" type="cond" truecount="1" falsecount="0"/>
        <line num="220" count="7" type="stmt"/>
        <line num="221" count="7" type="stmt"/>
        <line num="223" count="7" type="stmt"/>
        <line num="224" count="7" type="cond" truecount="1" falsecount="0"/>
        <line num="225" count="1" type="stmt"/>
        <line num="226" count="7" type="cond" truecount="1" falsecount="0"/>
        <line num="229" count="1" type="stmt"/>
        <line num="230" count="7" type="cond" truecount="1" falsecount="0"/>
        <line num="231" count="1" type="stmt"/>
        <line num="232" count="1" type="stmt"/>
        <line num="233" count="1" type="stmt"/>
        <line num="234" count="7" type="cond" truecount="1" falsecount="0"/>
        <line num="235" count="2" type="stmt"/>
        <line num="236" count="2" type="stmt"/>
        <line num="237" count="2" type="stmt"/>
        <line num="238" count="7" type="cond" truecount="1" falsecount="0"/>
        <line num="239" count="2" type="stmt"/>
        <line num="240" count="2" type="stmt"/>
        <line num="241" count="7" type="stmt"/>
        <line num="242" count="7" type="stmt"/>
        <line num="245" count="1" type="cond" truecount="1" falsecount="0"/>
        <line num="246" count="20" type="stmt"/>
        <line num="247" count="20" type="stmt"/>
        <line num="249" count="20" type="cond" truecount="1" falsecount="0"/>
        <line num="250" count="1" type="stmt"/>
        <line num="251" count="1" type="cond" truecount="1" falsecount="0"/>
        <line num="252" count="20" type="cond" truecount="1" falsecount="0"/>
        <line num="253" count="1" type="stmt"/>
        <line num="254" count="1" type="cond" truecount="1" falsecount="0"/>
        <line num="256" count="18" type="stmt"/>
        <line num="257" count="20" type="cond" truecount="1" falsecount="0"/>
        <line num="258" count="1" type="stmt"/>
        <line num="259" count="1" type="cond" truecount="1" falsecount="0"/>
        <line num="260" count="20" type="cond" truecount="1" falsecount="0"/>
        <line num="261" count="1" type="stmt"/>
        <line num="262" count="1" type="cond" truecount="1" falsecount="0"/>
        <line num="264" count="16" type="stmt"/>
        <line num="265" count="16" type="stmt"/>
        <line num="266" count="20" type="stmt"/>
        <line num="270" count="1" type="cond" truecount="1" falsecount="0"/>
        <line num="271" count="60" type="stmt"/>
        <line num="273" count="60" type="stmt"/>
        <line num="274" count="60" type="cond" truecount="1" falsecount="0"/>
        <line num="275" count="38" type="stmt"/>
        <line num="276" count="60" type="cond" truecount="1" falsecount="0"/>
        <line num="277" count="7" type="stmt"/>
        <line num="278" count="60" type="cond" truecount="1" falsecount="0"/>
        <line num="279" count="14" type="stmt"/>
        <line num="280" count="60" type="cond" truecount="1" falsecount="0"/>
        <line num="281" count="1" type="stmt"/>
        <line num="282" count="1" type="stmt"/>
        <line num="283" count="60" type="cond" truecount="0" falsecount="1"/>
        <line num="284" count="0" type="stmt"/>
        <line num="285" count="60" type="stmt"/>
        <line num="286" count="60" type="stmt"/>
        <line num="288" count="1" type="cond" truecount="1" falsecount="0"/>
        <line num="289" count="38" type="cond" truecount="1" falsecount="0"/>
        <line num="291" count="1" type="stmt"/>
        <line num="292" count="1" type="cond" truecount="1" falsecount="0"/>
        <line num="294" count="37" type="stmt"/>
        <line num="295" count="38" type="cond" truecount="1" falsecount="0"/>
        <line num="297" count="1" type="stmt"/>
        <line num="298" count="1" type="cond" truecount="1" falsecount="0"/>
        <line num="300" count="38" type="cond" truecount="2" falsecount="0"/>
        <line num="301" count="32" type="stmt"/>
        <line num="302" count="32" type="stmt"/>
        <line num="303" count="32" type="stmt"/>
        <line num="304" count="32" type="cond" truecount="1" falsecount="0"/>
        <line num="307" count="4" type="stmt"/>
        <line num="308" count="4" type="stmt"/>
        <line num="309" count="38" type="stmt"/>
        <line num="311" count="1" type="cond" truecount="1" falsecount="0"/>
        <line num="312" count="7" type="stmt"/>
        <line num="313" count="7" type="stmt"/>
        <line num="314" count="7" type="stmt"/>
        <line num="315" count="7" type="cond" truecount="1" falsecount="0"/>
        <line num="316" count="1" type="stmt"/>
        <line num="317" count="1" type="stmt"/>
        <line num="318" count="1" type="stmt"/>
        <line num="319" count="1" type="cond" truecount="1" falsecount="0"/>
        <line num="321" count="6" type="stmt"/>
        <line num="323" count="7" type="cond" truecount="1" falsecount="0"/>
        <line num="325" count="1" type="stmt"/>
        <line num="326" count="1" type="stmt"/>
        <line num="327" count="1" type="stmt"/>
        <line num="328" count="1" type="cond" truecount="1" falsecount="0"/>
        <line num="330" count="7" type="cond" truecount="1" falsecount="0"/>
        <line num="332" count="1" type="stmt"/>
        <line num="333" count="1" type="stmt"/>
        <line num="334" count="1" type="stmt"/>
        <line num="335" count="1" type="cond" truecount="1" falsecount="0"/>
        <line num="337" count="7" type="cond" truecount="2" falsecount="0"/>
        <line num="339" count="1" type="stmt"/>
        <line num="340" count="1" type="stmt"/>
        <line num="341" count="1" type="stmt"/>
        <line num="342" count="1" type="cond" truecount="1" falsecount="0"/>
        <line num="344" count="3" type="stmt"/>
        <line num="345" count="3" type="stmt"/>
        <line num="346" count="3" type="stmt"/>
        <line num="347" count="3" type="stmt"/>
        <line num="348" count="3" type="stmt"/>
        <line num="349" count="3" type="stmt"/>
        <line num="350" count="3" type="stmt"/>
        <line num="351" count="7" type="stmt"/>
        <line num="353" count="1" type="cond" truecount="1" falsecount="0"/>
        <line num="354" count="14" type="stmt"/>
        <line num="355" count="14" type="stmt"/>
        <line num="356" count="14" type="stmt"/>
        <line num="357" count="14" type="cond" truecount="1" falsecount="0"/>
        <line num="359" count="1" type="stmt"/>
        <line num="360" count="1" type="stmt"/>
        <line num="361" count="1" type="stmt"/>
        <line num="362" count="1" type="cond" truecount="1" falsecount="0"/>
        <line num="364" count="13" type="stmt"/>
        <line num="365" count="14" type="cond" truecount="4" falsecount="0"/>
        <line num="369" count="1" type="stmt"/>
        <line num="370" count="1" type="stmt"/>
        <line num="371" count="1" type="stmt"/>
        <line num="372" count="1" type="cond" truecount="1" falsecount="0"/>
        <line num="374" count="12" type="stmt"/>
        <line num="375" count="14" type="cond" truecount="1" falsecount="0"/>
        <line num="377" count="1" type="stmt"/>
        <line num="378" count="1" type="cond" truecount="1" falsecount="0"/>
        <line num="380" count="14" type="cond" truecount="1" falsecount="0"/>
        <line num="381" count="14" type="cond" truecount="2" falsecount="0"/>
        <line num="383" count="5" type="stmt"/>
        <line num="384" count="5" type="stmt"/>
        <line num="385" count="5" type="cond" truecount="1" falsecount="0"/>
        <line num="387" count="6" type="stmt"/>
        <line num="388" count="6" type="stmt"/>
        <line num="390" count="14" type="cond" truecount="1" falsecount="0"/>
        <line num="393" count="1" type="stmt"/>
        <line num="394" count="1" type="cond" truecount="1" falsecount="0"/>
        <line num="396" count="5" type="cond" truecount="1" falsecount="0"/>
        <line num="397" count="4" type="cond" truecount="1" falsecount="0"/>
        <line num="398" count="1" type="stmt"/>
        <line num="399" count="14" type="stmt"/>
        <line num="400" count="14" type="stmt"/>
        <line num="401" count="14" type="stmt"/>
        <line num="402" count="1" type="stmt"/>
      </file>
      <file name="selection-types.ts" path="E:\3HP-Project\game-test-3\src\core\input\selection-types.ts">
        <metrics statements="0" coveredstatements="0" conditionals="1" coveredconditionals="1" methods="1" coveredmethods="1"/>
      </file>
    </package>
    <package name="turn">
      <metrics statements="177" coveredstatements="171" conditionals="49" coveredconditionals="43" methods="26" coveredmethods="24"/>
      <file name="turn-phase-config.ts" path="E:\3HP-Project\game-test-3\src\core\turn\turn-phase-config.ts">
        <metrics statements="7" coveredstatements="7" conditionals="0" coveredconditionals="0" methods="0" coveredmethods="0"/>
        <line num="13" count="1" type="stmt"/>
        <line num="16" count="1" type="stmt"/>
        <line num="23" count="1" type="stmt"/>
        <line num="43" count="1" type="stmt"/>
        <line num="44" count="1" type="stmt"/>
        <line num="45" count="1" type="stmt"/>
        <line num="46" count="1" type="stmt"/>
      </file>
      <file name="turn-phase-contracts.ts" path="E:\3HP-Project\game-test-3\src\core\turn\turn-phase-contracts.ts">
        <metrics statements="0" coveredstatements="0" conditionals="1" coveredconditionals="1" methods="1" coveredmethods="1"/>
      </file>
      <file name="turn-phase-events.ts" path="E:\3HP-Project\game-test-3\src\core\turn\turn-phase-events.ts">
        <metrics statements="0" coveredstatements="0" conditionals="1" coveredconditionals="1" methods="1" coveredmethods="1"/>
      </file>
      <file name="turn-phase-formulas.ts" path="E:\3HP-Project\game-test-3\src\core\turn\turn-phase-formulas.ts">
        <metrics statements="13" coveredstatements="13" conditionals="5" coveredconditionals="5" methods="3" coveredmethods="3"/>
        <line num="14" count="1" type="stmt"/>
        <line num="17" count="1" type="cond" truecount="1" falsecount="0"/>
        <line num="18" count="1" type="stmt"/>
        <line num="19" count="1" type="stmt"/>
        <line num="26" count="1" type="cond" truecount="1" falsecount="0"/>
        <line num="27" count="2" type="stmt"/>
        <line num="28" count="2" type="stmt"/>
        <line num="29" count="2" type="stmt"/>
        <line num="30" count="2" type="cond" truecount="2" falsecount="0"/>
        <line num="31" count="2" type="stmt"/>
        <line num="34" count="1" type="cond" truecount="1" falsecount="0"/>
        <line num="35" count="1" type="stmt"/>
        <line num="36" count="1" type="stmt"/>
      </file>
      <file name="turn-phase-manager.ts" path="E:\3HP-Project\game-test-3\src\core\turn\turn-phase-manager.ts">
        <metrics statements="133" coveredstatements="127" conditionals="38" coveredconditionals="32" methods="18" coveredmethods="16"/>
        <line num="52" count="1" type="stmt"/>
        <line num="55" count="1" type="stmt"/>
        <line num="79" count="1" type="stmt"/>
        <line num="80" count="1" type="cond" truecount="1" falsecount="0"/>
        <line num="81" count="39" type="stmt"/>
        <line num="83" count="39" type="stmt"/>
        <line num="84" count="39" type="stmt"/>
        <line num="85" count="39" type="stmt"/>
        <line num="86" count="39" type="stmt"/>
        <line num="87" count="39" type="stmt"/>
        <line num="95" count="39" type="stmt"/>
        <line num="97" count="1" type="cond" truecount="1" falsecount="0"/>
        <line num="98" count="39" type="stmt"/>
        <line num="99" count="39" type="stmt"/>
        <line num="100" count="39" type="stmt"/>
        <line num="101" count="39" type="stmt"/>
        <line num="102" count="39" type="stmt"/>
        <line num="103" count="39" type="stmt"/>
        <line num="104" count="39" type="stmt"/>
        <line num="105" count="39" type="stmt"/>
        <line num="106" count="39" type="stmt"/>
        <line num="107" count="39" type="cond" truecount="1" falsecount="0"/>
        <line num="108" count="39" type="stmt"/>
        <line num="113" count="1" type="cond" truecount="1" falsecount="0"/>
        <line num="114" count="11" type="stmt"/>
        <line num="115" count="11" type="stmt"/>
        <line num="118" count="1" type="cond" truecount="1" falsecount="0"/>
        <line num="119" count="6" type="stmt"/>
        <line num="120" count="6" type="stmt"/>
        <line num="122" count="1" type="cond" truecount="1" falsecount="0"/>
        <line num="123" count="8" type="stmt"/>
        <line num="124" count="8" type="stmt"/>
        <line num="127" count="1" type="stmt"/>
        <line num="128" count="0" type="stmt"/>
        <line num="129" count="0" type="stmt"/>
        <line num="136" count="1" type="stmt"/>
        <line num="137" count="0" type="stmt"/>
        <line num="138" count="0" type="stmt"/>
        <line num="151" count="1" type="cond" truecount="1" falsecount="0"/>
        <line num="152" count="40" type="stmt"/>
        <line num="154" count="40" type="stmt"/>
        <line num="155" count="40" type="stmt"/>
        <line num="156" count="40" type="stmt"/>
        <line num="158" count="40" type="stmt"/>
        <line num="159" count="40" type="stmt"/>
        <line num="160" count="40" type="stmt"/>
        <line num="172" count="1" type="cond" truecount="1" falsecount="0"/>
        <line num="173" count="4" type="cond" truecount="0" falsecount="1"/>
        <line num="174" count="0" type="stmt"/>
        <line num="175" count="0" type="stmt"/>
        <line num="176" count="4" type="stmt"/>
        <line num="177" count="4" type="stmt"/>
        <line num="178" count="4" type="stmt"/>
        <line num="179" count="4" type="stmt"/>
        <line num="180" count="4" type="stmt"/>
        <line num="191" count="1" type="cond" truecount="1" falsecount="0"/>
        <line num="192" count="44" type="cond" truecount="0" falsecount="1"/>
        <line num="193" count="44" type="stmt"/>
        <line num="194" count="44" type="stmt"/>
        <line num="195" count="44" type="stmt"/>
        <line num="196" count="44" type="stmt"/>
        <line num="206" count="1" type="cond" truecount="1" falsecount="0"/>
        <line num="207" count="3" type="cond" truecount="0" falsecount="1"/>
        <line num="208" count="3" type="cond" truecount="2" falsecount="0"/>
        <line num="209" count="2" type="stmt"/>
        <line num="210" count="2" type="stmt"/>
        <line num="211" count="3" type="stmt"/>
        <line num="215" count="1" type="cond" truecount="1" falsecount="0"/>
        <line num="216" count="44" type="stmt"/>
        <line num="217" count="44" type="stmt"/>
        <line num="218" count="44" type="stmt"/>
        <line num="219" count="44" type="stmt"/>
        <line num="220" count="44" type="cond" truecount="2" falsecount="0"/>
        <line num="222" count="42" type="stmt"/>
        <line num="223" count="42" type="stmt"/>
        <line num="224" count="42" type="stmt"/>
        <line num="225" count="42" type="cond" truecount="1" falsecount="1"/>
        <line num="227" count="42" type="stmt"/>
        <line num="228" count="42" type="stmt"/>
        <line num="229" count="42" type="stmt"/>
        <line num="230" count="42" type="cond" truecount="1" falsecount="1"/>
        <line num="232" count="42" type="stmt"/>
        <line num="233" count="42" type="stmt"/>
        <line num="234" count="42" type="stmt"/>
        <line num="235" count="42" type="stmt"/>
        <line num="237" count="42" type="stmt"/>
        <line num="238" count="42" type="stmt"/>
        <line num="239" count="42" type="stmt"/>
        <line num="242" count="44" type="cond" truecount="2" falsecount="0"/>
        <line num="243" count="1" type="stmt"/>
        <line num="244" count="1" type="cond" truecount="1" falsecount="0"/>
        <line num="246" count="44" type="cond" truecount="1" falsecount="0"/>
        <line num="247" count="2" type="stmt"/>
        <line num="248" count="2" type="stmt"/>
        <line num="249" count="2" type="cond" truecount="1" falsecount="0"/>
        <line num="250" count="44" type="cond" truecount="1" falsecount="0"/>
        <line num="251" count="1" type="stmt"/>
        <line num="252" count="1" type="stmt"/>
        <line num="253" count="1" type="cond" truecount="1" falsecount="0"/>
        <line num="254" count="39" type="stmt"/>
        <line num="255" count="44" type="stmt"/>
        <line num="258" count="1" type="cond" truecount="1" falsecount="0"/>
        <line num="259" count="128" type="stmt"/>
        <line num="260" count="128" type="cond" truecount="1" falsecount="0"/>
        <line num="261" count="2" type="stmt"/>
        <line num="262" count="2" type="stmt"/>
        <line num="263" count="2" type="cond" truecount="1" falsecount="0"/>
        <line num="264" count="126" type="stmt"/>
        <line num="265" count="128" type="stmt"/>
        <line num="267" count="1" type="cond" truecount="1" falsecount="0"/>
        <line num="268" count="170" type="stmt"/>
        <line num="269" count="170" type="stmt"/>
        <line num="271" count="1" type="cond" truecount="1" falsecount="0"/>
        <line num="272" count="78" type="stmt"/>
        <line num="273" count="78" type="stmt"/>
        <line num="274" count="78" type="stmt"/>
        <line num="276" count="78" type="stmt"/>
        <line num="277" count="78" type="stmt"/>
        <line num="278" count="78" type="stmt"/>
        <line num="279" count="78" type="stmt"/>
        <line num="282" count="1" type="cond" truecount="1" falsecount="0"/>
        <line num="283" count="81" type="stmt"/>
        <line num="284" count="81" type="stmt"/>
        <line num="286" count="1" type="cond" truecount="1" falsecount="0"/>
        <line num="287" count="7" type="cond" truecount="0" falsecount="1"/>
        <line num="288" count="7" type="stmt"/>
        <line num="289" count="7" type="stmt"/>
        <line num="290" count="7" type="stmt"/>
        <line num="291" count="7" type="stmt"/>
        <line num="293" count="1" type="cond" truecount="1" falsecount="0"/>
        <line num="294" count="420" type="stmt"/>
        <line num="295" count="420" type="stmt"/>
        <line num="296" count="1" type="stmt"/>
      </file>
      <file name="turn-phase-result.ts" path="E:\3HP-Project\game-test-3\src\core\turn\turn-phase-result.ts">
        <metrics statements="15" coveredstatements="15" conditionals="4" coveredconditionals="4" methods="3" coveredmethods="3"/>
        <line num="29" count="1" type="stmt"/>
        <line num="32" count="1" type="cond" truecount="1" falsecount="0"/>
        <line num="33" count="1" type="stmt"/>
        <line num="34" count="1" type="stmt"/>
        <line num="46" count="1" type="stmt"/>
        <line num="47" count="1" type="cond" truecount="1" falsecount="0"/>
        <line num="48" count="1" type="stmt"/>
        <line num="49" count="1" type="stmt"/>
        <line num="50" count="1" type="stmt"/>
        <line num="51" count="1" type="stmt"/>
        <line num="54" count="1" type="cond" truecount="1" falsecount="0"/>
        <line num="55" count="40" type="cond" truecount="1" falsecount="0"/>
        <line num="56" count="1" type="stmt"/>
        <line num="57" count="1" type="stmt"/>
        <line num="58" count="40" type="stmt"/>
      </file>
      <file name="turn-phase-types.ts" path="E:\3HP-Project\game-test-3\src\core\turn\turn-phase-types.ts">
        <metrics statements="9" coveredstatements="9" conditionals="0" coveredconditionals="0" methods="0" coveredmethods="0"/>
        <line num="41" count="1" type="stmt"/>
        <line num="42" count="1" type="stmt"/>
        <line num="43" count="1" type="stmt"/>
        <line num="44" count="1" type="stmt"/>
        <line num="45" count="1" type="stmt"/>
        <line num="46" count="1" type="stmt"/>
        <line num="47" count="1" type="stmt"/>
        <line num="48" count="1" type="stmt"/>
        <line num="49" count="1" type="stmt"/>
      </file>
    </package>
  </project>
</coverage>
