{"E:\\3HP-Project\\game-test-3\\src\\core\\board\\board-config.ts": {"path":"E:\\3HP-Project\\game-test-3\\src\\core\\board\\board-config.ts","all":false,"statementMap":{"30":{"start":{"line":31,"column":0},"end":{"line":31,"column":36}},"33":{"start":{"line":34,"column":0},"end":{"line":34,"column":37}},"49":{"start":{"line":50,"column":0},"end":{"line":50,"column":74}},"50":{"start":{"line":51,"column":0},"end":{"line":51,"column":28}},"51":{"start":{"line":52,"column":0},"end":{"line":52,"column":30}},"52":{"start":{"line":53,"column":0},"end":{"line":53,"column":20}},"53":{"start":{"line":54,"column":0},"end":{"line":54,"column":3}}},"s":{"30":1,"33":1,"49":1,"50":1,"51":1,"52":1,"53":1},"branchMap":{},"b":{},"fnMap":{},"f":{}}
,"E:\\3HP-Project\\game-test-3\\src\\core\\board\\board-flags.ts": {"path":"E:\\3HP-Project\\game-test-3\\src\\core\\board\\board-flags.ts","all":false,"statementMap":{"10":{"start":{"line":11,"column":0},"end":{"line":11,"column":69}},"11":{"start":{"line":12,"column":0},"end":{"line":12,"column":23}},"12":{"start":{"line":13,"column":0},"end":{"line":13,"column":19}},"13":{"start":{"line":14,"column":0},"end":{"line":14,"column":23}},"14":{"start":{"line":15,"column":0},"end":{"line":15,"column":3}},"16":{"start":{"line":17,"column":0},"end":{"line":17,"column":98}},"19":{"start":{"line":20,"column":0},"end":{"line":20,"column":48}},"20":{"start":{"line":21,"column":0},"end":{"line":21,"column":25}},"21":{"start":{"line":22,"column":0},"end":{"line":22,"column":1}},"24":{"start":{"line":25,"column":0},"end":{"line":25,"column":59}},"25":{"start":{"line":26,"column":0},"end":{"line":26,"column":69}},"26":{"start":{"line":27,"column":0},"end":{"line":27,"column":1}}},"s":{"10":1,"11":1,"12":1,"13":1,"14":1,"16":1,"19":1,"20":2954,"21":2954,"24":1,"25":977,"26":977},"branchMap":{"0":{"type":"branch","line":20,"loc":{"start":{"line":20,"column":7},"end":{"line":22,"column":1}},"locations":[{"start":{"line":20,"column":7},"end":{"line":22,"column":1}}]},"1":{"type":"branch","line":25,"loc":{"start":{"line":25,"column":7},"end":{"line":27,"column":1}},"locations":[{"start":{"line":25,"column":7},"end":{"line":27,"column":1}}]},"2":{"type":"branch","line":26,"loc":{"start":{"line":26,"column":26},"end":{"line":26,"column":67}},"locations":[{"start":{"line":26,"column":26},"end":{"line":26,"column":67}}]}},"b":{"0":[2954],"1":[977],"2":[2931]},"fnMap":{"0":{"name":"bitFor","decl":{"start":{"line":20,"column":7},"end":{"line":22,"column":1}},"loc":{"start":{"line":20,"column":7},"end":{"line":22,"column":1}},"line":20},"1":{"name":"decodeFlags","decl":{"start":{"line":25,"column":7},"end":{"line":27,"column":1}},"loc":{"start":{"line":25,"column":7},"end":{"line":27,"column":1}},"line":25}},"f":{"0":2954,"1":977}}
,"E:\\3HP-Project\\game-test-3\\src\\core\\board\\board-interface.ts": {"path":"E:\\3HP-Project\\game-test-3\\src\\core\\board\\board-interface.ts","all":true,"statementMap":{},"s":{},"branchMap":{"0":{"type":"branch","line":1,"loc":{"start":{"line":1,"column":6334},"end":{"line":150,"column":1}},"locations":[{"start":{"line":1,"column":6334},"end":{"line":150,"column":1}}]}},"b":{"0":[1]},"fnMap":{"0":{"name":"(empty-report)","decl":{"start":{"line":1,"column":6334},"end":{"line":150,"column":1}},"loc":{"start":{"line":1,"column":6334},"end":{"line":150,"column":1}},"line":1}},"f":{"0":1}}
,"E:\\3HP-Project\\game-test-3\\src\\core\\board\\board-result.ts": {"path":"E:\\3HP-Project\\game-test-3\\src\\core\\board\\board-result.ts","all":false,"statementMap":{"36":{"start":{"line":37,"column":0},"end":{"line":37,"column":54}},"39":{"start":{"line":40,"column":0},"end":{"line":40,"column":54}},"40":{"start":{"line":41,"column":0},"end":{"line":41,"column":31}},"41":{"start":{"line":42,"column":0},"end":{"line":42,"column":1}},"48":{"start":{"line":49,"column":0},"end":{"line":49,"column":43}},"49":{"start":{"line":50,"column":0},"end":{"line":50,"column":32}},"50":{"start":{"line":51,"column":0},"end":{"line":51,"column":19}},"51":{"start":{"line":52,"column":0},"end":{"line":52,"column":33}},"52":{"start":{"line":53,"column":0},"end":{"line":53,"column":3}},"53":{"start":{"line":54,"column":0},"end":{"line":54,"column":1}},"60":{"start":{"line":61,"column":0},"end":{"line":61,"column":83}},"61":{"start":{"line":62,"column":0},"end":{"line":62,"column":19}},"62":{"start":{"line":63,"column":0},"end":{"line":63,"column":38}},"63":{"start":{"line":64,"column":0},"end":{"line":64,"column":3}},"64":{"start":{"line":65,"column":0},"end":{"line":65,"column":1}}},"s":{"36":1,"39":1,"40":7,"41":7,"48":1,"49":1,"50":17,"51":17,"52":17,"53":1,"60":1,"61":6760,"62":17,"63":17,"64":6760},"branchMap":{"0":{"type":"branch","line":40,"loc":{"start":{"line":40,"column":7},"end":{"line":42,"column":1}},"locations":[{"start":{"line":40,"column":7},"end":{"line":42,"column":1}}]},"1":{"type":"branch","line":50,"loc":{"start":{"line":50,"column":2},"end":{"line":53,"column":3}},"locations":[{"start":{"line":50,"column":2},"end":{"line":53,"column":3}}]},"2":{"type":"branch","line":61,"loc":{"start":{"line":61,"column":7},"end":{"line":65,"column":1}},"locations":[{"start":{"line":61,"column":7},"end":{"line":65,"column":1}}]},"3":{"type":"branch","line":62,"loc":{"start":{"line":62,"column":18},"end":{"line":64,"column":3}},"locations":[{"start":{"line":62,"column":18},"end":{"line":64,"column":3}}]}},"b":{"0":[7],"1":[17],"2":[6760],"3":[17]},"fnMap":{"0":{"name":"reject","decl":{"start":{"line":40,"column":7},"end":{"line":42,"column":1}},"loc":{"start":{"line":40,"column":7},"end":{"line":42,"column":1}},"line":40},"1":{"name":"InvariantError","decl":{"start":{"line":50,"column":2},"end":{"line":53,"column":3}},"loc":{"start":{"line":50,"column":2},"end":{"line":53,"column":3}},"line":50},"2":{"name":"invariant","decl":{"start":{"line":61,"column":7},"end":{"line":65,"column":1}},"loc":{"start":{"line":61,"column":7},"end":{"line":65,"column":1}},"line":61}},"f":{"0":7,"1":17,"2":6760}}
,"E:\\3HP-Project\\game-test-3\\src\\core\\board\\board-types.ts": {"path":"E:\\3HP-Project\\game-test-3\\src\\core\\board\\board-types.ts","all":false,"statementMap":{"24":{"start":{"line":25,"column":0},"end":{"line":25,"column":25}},"26":{"start":{"line":27,"column":0},"end":{"line":27,"column":13}},"28":{"start":{"line":29,"column":0},"end":{"line":29,"column":14}},"30":{"start":{"line":31,"column":0},"end":{"line":31,"column":26}},"32":{"start":{"line":33,"column":0},"end":{"line":33,"column":12}},"34":{"start":{"line":35,"column":0},"end":{"line":35,"column":12}}},"s":{"24":1,"26":1,"28":1,"30":1,"32":1,"34":1},"branchMap":{"0":{"type":"branch","line":25,"loc":{"start":{"line":25,"column":7},"end":{"line":25,"column":25}},"locations":[{"start":{"line":25,"column":7},"end":{"line":25,"column":25}}]}},"b":{"0":[16]},"fnMap":{},"f":{}}
,"E:\\3HP-Project\\game-test-3\\src\\core\\board\\board.ts": {"path":"E:\\3HP-Project\\game-test-3\\src\\core\\board\\board.ts","all":false,"statementMap":{"43":{"start":{"line":44,"column":0},"end":{"line":44,"column":57}},"45":{"start":{"line":46,"column":0},"end":{"line":46,"column":47}},"47":{"start":{"line":48,"column":0},"end":{"line":48,"column":58}},"48":{"start":{"line":49,"column":0},"end":{"line":49,"column":55}},"49":{"start":{"line":50,"column":0},"end":{"line":50,"column":79}},"52":{"start":{"line":53,"column":0},"end":{"line":53,"column":43}},"53":{"start":{"line":54,"column":0},"end":{"line":54,"column":27}},"54":{"start":{"line":55,"column":0},"end":{"line":55,"column":26}},"55":{"start":{"line":56,"column":0},"end":{"line":56,"column":27}},"56":{"start":{"line":57,"column":0},"end":{"line":57,"column":26}},"57":{"start":{"line":58,"column":0},"end":{"line":58,"column":2}},"60":{"start":{"line":61,"column":0},"end":{"line":61,"column":76}},"61":{"start":{"line":62,"column":0},"end":{"line":62,"column":25}},"62":{"start":{"line":63,"column":0},"end":{"line":63,"column":24}},"63":{"start":{"line":64,"column":0},"end":{"line":64,"column":24}},"64":{"start":{"line":65,"column":0},"end":{"line":65,"column":25}},"65":{"start":{"line":66,"column":0},"end":{"line":66,"column":3}},"67":{"start":{"line":68,"column":0},"end":{"line":68,"column":34}},"68":{"start":{"line":69,"column":0},"end":{"line":69,"column":22}},"69":{"start":{"line":70,"column":0},"end":{"line":70,"column":27}},"70":{"start":{"line":71,"column":0},"end":{"line":71,"column":28}},"71":{"start":{"line":72,"column":0},"end":{"line":72,"column":42}},"72":{"start":{"line":73,"column":0},"end":{"line":73,"column":41}},"73":{"start":{"line":74,"column":0},"end":{"line":74,"column":50}},"74":{"start":{"line":75,"column":0},"end":{"line":75,"column":51}},"75":{"start":{"line":76,"column":0},"end":{"line":76,"column":39}},"76":{"start":{"line":77,"column":0},"end":{"line":77,"column":6}},"79":{"start":{"line":80,"column":0},"end":{"line":80,"column":83}},"80":{"start":{"line":81,"column":0},"end":{"line":81,"column":32}},"81":{"start":{"line":82,"column":0},"end":{"line":82,"column":25}},"82":{"start":{"line":83,"column":0},"end":{"line":83,"column":12}},"83":{"start":{"line":84,"column":0},"end":{"line":84,"column":13}},"84":{"start":{"line":85,"column":0},"end":{"line":85,"column":18}},"85":{"start":{"line":86,"column":0},"end":{"line":86,"column":52}},"86":{"start":{"line":87,"column":0},"end":{"line":87,"column":48}},"87":{"start":{"line":88,"column":0},"end":{"line":88,"column":52}},"88":{"start":{"line":89,"column":0},"end":{"line":89,"column":27}},"89":{"start":{"line":90,"column":0},"end":{"line":90,"column":6}},"90":{"start":{"line":91,"column":0},"end":{"line":91,"column":3}},"93":{"start":{"line":94,"column":0},"end":{"line":94,"column":49}},"94":{"start":{"line":95,"column":0},"end":{"line":95,"column":34}},"95":{"start":{"line":96,"column":0},"end":{"line":96,"column":3}},"97":{"start":{"line":98,"column":0},"end":{"line":98,"column":59}},"98":{"start":{"line":99,"column":0},"end":{"line":99,"column":90}},"99":{"start":{"line":100,"column":0},"end":{"line":100,"column":3}},"101":{"start":{"line":102,"column":0},"end":{"line":102,"column":58}},"102":{"start":{"line":103,"column":0},"end":{"line":103,"column":96}},"103":{"start":{"line":104,"column":0},"end":{"line":104,"column":3}},"107":{"start":{"line":108,"column":0},"end":{"line":108,"column":47}},"108":{"start":{"line":109,"column":0},"end":{"line":109,"column":73}},"109":{"start":{"line":110,"column":0},"end":{"line":110,"column":3}},"111":{"start":{"line":112,"column":0},"end":{"line":112,"column":48}},"112":{"start":{"line":113,"column":0},"end":{"line":113,"column":81}},"113":{"start":{"line":114,"column":0},"end":{"line":114,"column":33}},"114":{"start":{"line":115,"column":0},"end":{"line":115,"column":12}},"115":{"start":{"line":116,"column":0},"end":{"line":116,"column":10}},"116":{"start":{"line":117,"column":0},"end":{"line":117,"column":10}},"117":{"start":{"line":118,"column":0},"end":{"line":118,"column":32}},"118":{"start":{"line":119,"column":0},"end":{"line":119,"column":30}},"119":{"start":{"line":120,"column":0},"end":{"line":120,"column":41}},"120":{"start":{"line":121,"column":0},"end":{"line":121,"column":35}},"121":{"start":{"line":122,"column":0},"end":{"line":122,"column":6}},"122":{"start":{"line":123,"column":0},"end":{"line":123,"column":3}},"124":{"start":{"line":125,"column":0},"end":{"line":125,"column":49}},"125":{"start":{"line":126,"column":0},"end":{"line":126,"column":84}},"126":{"start":{"line":127,"column":0},"end":{"line":127,"column":56}},"127":{"start":{"line":128,"column":0},"end":{"line":128,"column":3}},"129":{"start":{"line":130,"column":0},"end":{"line":130,"column":56}},"130":{"start":{"line":131,"column":0},"end":{"line":131,"column":85}},"131":{"start":{"line":132,"column":0},"end":{"line":132,"column":47}},"132":{"start":{"line":133,"column":0},"end":{"line":133,"column":3}},"134":{"start":{"line":135,"column":0},"end":{"line":135,"column":48}},"135":{"start":{"line":136,"column":0},"end":{"line":136,"column":83}},"136":{"start":{"line":137,"column":0},"end":{"line":137,"column":68}},"137":{"start":{"line":138,"column":0},"end":{"line":138,"column":3}},"139":{"start":{"line":140,"column":0},"end":{"line":140,"column":58}},"140":{"start":{"line":141,"column":0},"end":{"line":141,"column":83}},"141":{"start":{"line":142,"column":0},"end":{"line":142,"column":44}},"142":{"start":{"line":143,"column":0},"end":{"line":143,"column":3}},"144":{"start":{"line":145,"column":0},"end":{"line":145,"column":62}},"145":{"start":{"line":146,"column":0},"end":{"line":146,"column":81}},"146":{"start":{"line":147,"column":0},"end":{"line":147,"column":49}},"147":{"start":{"line":148,"column":0},"end":{"line":148,"column":39}},"148":{"start":{"line":149,"column":0},"end":{"line":149,"column":3}},"150":{"start":{"line":151,"column":0},"end":{"line":151,"column":47}},"151":{"start":{"line":152,"column":0},"end":{"line":152,"column":90}},"152":{"start":{"line":153,"column":0},"end":{"line":153,"column":30}},"153":{"start":{"line":154,"column":0},"end":{"line":154,"column":44}},"154":{"start":{"line":155,"column":0},"end":{"line":155,"column":34}},"155":{"start":{"line":156,"column":0},"end":{"line":156,"column":34}},"156":{"start":{"line":157,"column":0},"end":{"line":157,"column":67}},"157":{"start":{"line":158,"column":0},"end":{"line":158,"column":5}},"158":{"start":{"line":159,"column":0},"end":{"line":159,"column":18}},"159":{"start":{"line":160,"column":0},"end":{"line":160,"column":3}},"161":{"start":{"line":162,"column":0},"end":{"line":162,"column":38}},"162":{"start":{"line":163,"column":0},"end":{"line":163,"column":61}},"163":{"start":{"line":164,"column":0},"end":{"line":164,"column":3}},"165":{"start":{"line":166,"column":0},"end":{"line":166,"column":53}},"166":{"start":{"line":167,"column":0},"end":{"line":167,"column":121}},"167":{"start":{"line":168,"column":0},"end":{"line":168,"column":114}},"168":{"start":{"line":169,"column":0},"end":{"line":169,"column":30}},"169":{"start":{"line":170,"column":0},"end":{"line":170,"column":48}},"170":{"start":{"line":171,"column":0},"end":{"line":171,"column":51}},"171":{"start":{"line":172,"column":0},"end":{"line":172,"column":84}},"172":{"start":{"line":173,"column":0},"end":{"line":173,"column":7}},"173":{"start":{"line":174,"column":0},"end":{"line":174,"column":5}},"174":{"start":{"line":175,"column":0},"end":{"line":175,"column":18}},"175":{"start":{"line":176,"column":0},"end":{"line":176,"column":3}},"177":{"start":{"line":178,"column":0},"end":{"line":178,"column":48}},"178":{"start":{"line":179,"column":0},"end":{"line":179,"column":43}},"185":{"start":{"line":186,"column":0},"end":{"line":186,"column":85}},"186":{"start":{"line":187,"column":0},"end":{"line":187,"column":60}},"187":{"start":{"line":188,"column":0},"end":{"line":188,"column":3}},"189":{"start":{"line":190,"column":0},"end":{"line":190,"column":40}},"190":{"start":{"line":191,"column":0},"end":{"line":191,"column":75}},"191":{"start":{"line":192,"column":0},"end":{"line":192,"column":43}},"192":{"start":{"line":193,"column":0},"end":{"line":193,"column":37}},"193":{"start":{"line":194,"column":0},"end":{"line":194,"column":74}},"194":{"start":{"line":195,"column":0},"end":{"line":195,"column":65}},"195":{"start":{"line":196,"column":0},"end":{"line":196,"column":40}},"196":{"start":{"line":197,"column":0},"end":{"line":197,"column":73}},"197":{"start":{"line":198,"column":0},"end":{"line":198,"column":29}},"198":{"start":{"line":199,"column":0},"end":{"line":199,"column":3}},"200":{"start":{"line":201,"column":0},"end":{"line":201,"column":75}},"201":{"start":{"line":202,"column":0},"end":{"line":202,"column":117}},"202":{"start":{"line":203,"column":0},"end":{"line":203,"column":126}},"203":{"start":{"line":204,"column":0},"end":{"line":204,"column":30}},"204":{"start":{"line":205,"column":0},"end":{"line":205,"column":31}},"205":{"start":{"line":206,"column":0},"end":{"line":206,"column":41}},"206":{"start":{"line":207,"column":0},"end":{"line":207,"column":49}},"207":{"start":{"line":208,"column":0},"end":{"line":208,"column":52}},"208":{"start":{"line":209,"column":0},"end":{"line":209,"column":52}},"209":{"start":{"line":210,"column":0},"end":{"line":210,"column":24}},"210":{"start":{"line":211,"column":0},"end":{"line":211,"column":21}},"211":{"start":{"line":212,"column":0},"end":{"line":212,"column":5}},"212":{"start":{"line":213,"column":0},"end":{"line":213,"column":18}},"213":{"start":{"line":214,"column":0},"end":{"line":214,"column":3}},"215":{"start":{"line":216,"column":0},"end":{"line":216,"column":69}},"216":{"start":{"line":217,"column":0},"end":{"line":217,"column":55}},"217":{"start":{"line":218,"column":0},"end":{"line":218,"column":3}},"219":{"start":{"line":220,"column":0},"end":{"line":220,"column":21}},"220":{"start":{"line":221,"column":0},"end":{"line":221,"column":25}},"221":{"start":{"line":222,"column":0},"end":{"line":222,"column":17}},"222":{"start":{"line":223,"column":0},"end":{"line":223,"column":18}},"223":{"start":{"line":224,"column":0},"end":{"line":224,"column":23}},"224":{"start":{"line":225,"column":0},"end":{"line":225,"column":27}},"225":{"start":{"line":226,"column":0},"end":{"line":226,"column":29}},"226":{"start":{"line":227,"column":0},"end":{"line":227,"column":26}},"227":{"start":{"line":228,"column":0},"end":{"line":228,"column":25}},"228":{"start":{"line":229,"column":0},"end":{"line":229,"column":6}},"229":{"start":{"line":230,"column":0},"end":{"line":230,"column":3}},"233":{"start":{"line":234,"column":0},"end":{"line":234,"column":45}},"234":{"start":{"line":235,"column":0},"end":{"line":235,"column":104}},"235":{"start":{"line":236,"column":0},"end":{"line":236,"column":43}},"236":{"start":{"line":237,"column":0},"end":{"line":237,"column":63}},"237":{"start":{"line":238,"column":0},"end":{"line":238,"column":31}},"238":{"start":{"line":239,"column":0},"end":{"line":239,"column":14}},"239":{"start":{"line":240,"column":0},"end":{"line":240,"column":3}},"241":{"start":{"line":242,"column":0},"end":{"line":242,"column":27}},"242":{"start":{"line":243,"column":0},"end":{"line":243,"column":104}},"243":{"start":{"line":244,"column":0},"end":{"line":244,"column":56}},"244":{"start":{"line":245,"column":0},"end":{"line":245,"column":3}},"246":{"start":{"line":247,"column":0},"end":{"line":247,"column":56}},"247":{"start":{"line":248,"column":0},"end":{"line":248,"column":109}},"248":{"start":{"line":249,"column":0},"end":{"line":249,"column":43}},"249":{"start":{"line":250,"column":0},"end":{"line":250,"column":37}},"256":{"start":{"line":257,"column":0},"end":{"line":257,"column":111}},"257":{"start":{"line":258,"column":0},"end":{"line":258,"column":39}},"258":{"start":{"line":259,"column":0},"end":{"line":259,"column":5}},"260":{"start":{"line":261,"column":0},"end":{"line":261,"column":88}},"261":{"start":{"line":262,"column":0},"end":{"line":262,"column":89}},"263":{"start":{"line":264,"column":0},"end":{"line":264,"column":30}},"264":{"start":{"line":265,"column":0},"end":{"line":265,"column":14}},"265":{"start":{"line":266,"column":0},"end":{"line":266,"column":3}},"267":{"start":{"line":268,"column":0},"end":{"line":268,"column":58}},"268":{"start":{"line":269,"column":0},"end":{"line":269,"column":108}},"269":{"start":{"line":270,"column":0},"end":{"line":270,"column":55}},"270":{"start":{"line":271,"column":0},"end":{"line":271,"column":3}},"272":{"start":{"line":273,"column":0},"end":{"line":273,"column":45}},"273":{"start":{"line":274,"column":0},"end":{"line":274,"column":106}},"274":{"start":{"line":275,"column":0},"end":{"line":275,"column":43}},"275":{"start":{"line":276,"column":0},"end":{"line":276,"column":50}},"276":{"start":{"line":277,"column":0},"end":{"line":277,"column":3}},"277":{"start":{"line":278,"column":0},"end":{"line":278,"column":1}},"286":{"start":{"line":287,"column":0},"end":{"line":287,"column":69}},"287":{"start":{"line":288,"column":0},"end":{"line":288,"column":59}},"288":{"start":{"line":289,"column":0},"end":{"line":289,"column":62}},"289":{"start":{"line":290,"column":0},"end":{"line":290,"column":77}},"290":{"start":{"line":291,"column":0},"end":{"line":291,"column":109}},"291":{"start":{"line":292,"column":0},"end":{"line":292,"column":113}},"292":{"start":{"line":293,"column":0},"end":{"line":293,"column":56}},"293":{"start":{"line":294,"column":0},"end":{"line":294,"column":1}}},"s":{"43":1,"45":1,"47":1,"48":1,"49":1,"52":1,"53":1,"54":1,"55":1,"56":1,"57":1,"60":1,"61":1,"62":1,"63":1,"64":1,"65":1,"67":1,"68":1,"69":1429,"70":1429,"71":1429,"72":1429,"73":1429,"74":1429,"75":1429,"76":1429,"79":1,"80":284,"81":284,"82":284,"83":284,"84":284,"85":284,"86":284,"87":284,"88":284,"89":284,"90":284,"93":1,"94":5612,"95":5612,"97":1,"98":912,"99":912,"101":1,"102":834,"103":834,"107":1,"108":6485,"109":6485,"111":1,"112":977,"113":977,"114":977,"115":977,"116":977,"117":977,"118":977,"119":977,"120":977,"121":977,"122":977,"124":1,"125":84,"126":84,"127":84,"129":1,"130":2179,"131":2179,"132":2179,"134":1,"135":21,"136":21,"137":21,"139":1,"140":350,"141":350,"142":350,"144":1,"145":9,"146":9,"147":9,"148":9,"150":1,"151":164,"152":164,"153":164,"154":652,"155":652,"156":652,"157":652,"158":163,"159":164,"161":1,"162":417,"163":417,"165":1,"166":8,"167":8,"168":8,"169":8,"170":48,"171":384,"172":384,"173":48,"174":6,"175":8,"177":1,"178":351,"185":351,"186":351,"187":351,"189":1,"190":851,"191":846,"192":846,"193":850,"194":850,"195":817,"196":850,"197":708,"198":851,"200":1,"201":4,"202":4,"203":4,"204":4,"205":4,"206":12,"207":12,"208":12,"209":12,"210":12,"211":12,"212":3,"213":4,"215":1,"216":16,"217":16,"219":1,"220":1145,"221":1145,"222":1145,"223":1145,"224":1145,"225":1145,"226":1145,"227":1145,"228":1145,"229":1145,"233":1,"234":716,"235":716,"236":716,"237":714,"238":714,"239":716,"241":1,"242":243,"243":243,"244":243,"246":1,"247":50,"248":50,"249":50,"256":50,"257":4,"258":4,"260":50,"261":50,"263":43,"264":43,"265":50,"267":1,"268":127,"269":127,"270":127,"272":1,"273":14,"274":14,"275":14,"276":14,"277":1,"286":1,"287":288,"288":288,"289":288,"290":288,"291":288,"292":288,"293":288},"branchMap":{"0":{"type":"branch","line":69,"loc":{"start":{"line":69,"column":10},"end":{"line":77,"column":6}},"locations":[{"start":{"line":69,"column":10},"end":{"line":77,"column":6}}]},"1":{"type":"branch","line":80,"loc":{"start":{"line":80,"column":9},"end":{"line":91,"column":3}},"locations":[{"start":{"line":80,"column":9},"end":{"line":91,"column":3}}]},"2":{"type":"branch","line":94,"loc":{"start":{"line":94,"column":10},"end":{"line":96,"column":3}},"locations":[{"start":{"line":94,"column":10},"end":{"line":96,"column":3}}]},"3":{"type":"branch","line":98,"loc":{"start":{"line":98,"column":10},"end":{"line":100,"column":3}},"locations":[{"start":{"line":98,"column":10},"end":{"line":100,"column":3}}]},"4":{"type":"branch","line":99,"loc":{"start":{"line":99,"column":35},"end":{"line":99,"column":90}},"locations":[{"start":{"line":99,"column":35},"end":{"line":99,"column":90}}]},"5":{"type":"branch","line":102,"loc":{"start":{"line":102,"column":10},"end":{"line":104,"column":3}},"locations":[{"start":{"line":102,"column":10},"end":{"line":104,"column":3}}]},"6":{"type":"branch","line":103,"loc":{"start":{"line":103,"column":35},"end":{"line":103,"column":96}},"locations":[{"start":{"line":103,"column":35},"end":{"line":103,"column":96}}]},"7":{"type":"branch","line":103,"loc":{"start":{"line":103,"column":69},"end":{"line":103,"column":96}},"locations":[{"start":{"line":103,"column":69},"end":{"line":103,"column":96}}]},"8":{"type":"branch","line":108,"loc":{"start":{"line":108,"column":2},"end":{"line":110,"column":3}},"locations":[{"start":{"line":108,"column":2},"end":{"line":110,"column":3}}]},"9":{"type":"branch","line":109,"loc":{"start":{"line":109,"column":18},"end":{"line":109,"column":43}},"locations":[{"start":{"line":109,"column":18},"end":{"line":109,"column":43}}]},"10":{"type":"branch","line":109,"loc":{"start":{"line":109,"column":34},"end":{"line":109,"column":55}},"locations":[{"start":{"line":109,"column":34},"end":{"line":109,"column":55}}]},"11":{"type":"branch","line":109,"loc":{"start":{"line":109,"column":50},"end":{"line":109,"column":73}},"locations":[{"start":{"line":109,"column":50},"end":{"line":109,"column":73}}]},"12":{"type":"branch","line":112,"loc":{"start":{"line":112,"column":2},"end":{"line":123,"column":3}},"locations":[{"start":{"line":112,"column":2},"end":{"line":123,"column":3}}]},"13":{"type":"branch","line":125,"loc":{"start":{"line":125,"column":2},"end":{"line":128,"column":3}},"locations":[{"start":{"line":125,"column":2},"end":{"line":128,"column":3}}]},"14":{"type":"branch","line":130,"loc":{"start":{"line":130,"column":2},"end":{"line":133,"column":3}},"locations":[{"start":{"line":130,"column":2},"end":{"line":133,"column":3}}]},"15":{"type":"branch","line":135,"loc":{"start":{"line":135,"column":2},"end":{"line":138,"column":3}},"locations":[{"start":{"line":135,"column":2},"end":{"line":138,"column":3}}]},"16":{"type":"branch","line":140,"loc":{"start":{"line":140,"column":2},"end":{"line":143,"column":3}},"locations":[{"start":{"line":140,"column":2},"end":{"line":143,"column":3}}]},"17":{"type":"branch","line":145,"loc":{"start":{"line":145,"column":2},"end":{"line":149,"column":3}},"locations":[{"start":{"line":145,"column":2},"end":{"line":149,"column":3}}]},"18":{"type":"branch","line":151,"loc":{"start":{"line":151,"column":2},"end":{"line":160,"column":3}},"locations":[{"start":{"line":151,"column":2},"end":{"line":160,"column":3}}]},"19":{"type":"branch","line":154,"loc":{"start":{"line":154,"column":43},"end":{"line":159,"column":18}},"locations":[{"start":{"line":154,"column":43},"end":{"line":159,"column":18}}]},"20":{"type":"branch","line":154,"loc":{"start":{"line":154,"column":43},"end":{"line":158,"column":5}},"locations":[{"start":{"line":154,"column":43},"end":{"line":158,"column":5}}]},"21":{"type":"branch","line":157,"loc":{"start":{"line":157,"column":33},"end":{"line":157,"column":67}},"locations":[{"start":{"line":157,"column":33},"end":{"line":157,"column":67}}]},"22":{"type":"branch","line":162,"loc":{"start":{"line":162,"column":2},"end":{"line":164,"column":3}},"locations":[{"start":{"line":162,"column":2},"end":{"line":164,"column":3}}]},"23":{"type":"branch","line":166,"loc":{"start":{"line":166,"column":2},"end":{"line":176,"column":3}},"locations":[{"start":{"line":166,"column":2},"end":{"line":176,"column":3}}]},"24":{"type":"branch","line":168,"loc":{"start":{"line":168,"column":36},"end":{"line":168,"column":53}},"locations":[{"start":{"line":168,"column":36},"end":{"line":168,"column":53}}]},"25":{"type":"branch","line":170,"loc":{"start":{"line":170,"column":47},"end":{"line":175,"column":18}},"locations":[{"start":{"line":170,"column":47},"end":{"line":175,"column":18}}]},"26":{"type":"branch","line":170,"loc":{"start":{"line":170,"column":47},"end":{"line":174,"column":5}},"locations":[{"start":{"line":170,"column":47},"end":{"line":174,"column":5}}]},"27":{"type":"branch","line":171,"loc":{"start":{"line":171,"column":50},"end":{"line":173,"column":7}},"locations":[{"start":{"line":171,"column":50},"end":{"line":173,"column":7}}]},"28":{"type":"branch","line":172,"loc":{"start":{"line":172,"column":58},"end":{"line":172,"column":84}},"locations":[{"start":{"line":172,"column":58},"end":{"line":172,"column":84}}]},"29":{"type":"branch","line":178,"loc":{"start":{"line":178,"column":2},"end":{"line":188,"column":3}},"locations":[{"start":{"line":178,"column":2},"end":{"line":188,"column":3}}]},"30":{"type":"branch","line":190,"loc":{"start":{"line":190,"column":2},"end":{"line":199,"column":3}},"locations":[{"start":{"line":190,"column":2},"end":{"line":199,"column":3}}]},"31":{"type":"branch","line":191,"loc":{"start":{"line":191,"column":44},"end":{"line":191,"column":75}},"locations":[{"start":{"line":191,"column":44},"end":{"line":191,"column":75}}]},"32":{"type":"branch","line":191,"loc":{"start":{"line":191,"column":73},"end":{"line":198,"column":29}},"locations":[{"start":{"line":191,"column":73},"end":{"line":198,"column":29}}]},"33":{"type":"branch","line":191,"loc":{"start":{"line":191,"column":73},"end":{"line":194,"column":47}},"locations":[{"start":{"line":191,"column":73},"end":{"line":194,"column":47}}]},"34":{"type":"branch","line":194,"loc":{"start":{"line":194,"column":40},"end":{"line":194,"column":74}},"locations":[{"start":{"line":194,"column":40},"end":{"line":194,"column":74}}]},"35":{"type":"branch","line":194,"loc":{"start":{"line":194,"column":72},"end":{"line":195,"column":46}},"locations":[{"start":{"line":194,"column":72},"end":{"line":195,"column":46}}]},"36":{"type":"branch","line":195,"loc":{"start":{"line":195,"column":39},"end":{"line":195,"column":65}},"locations":[{"start":{"line":195,"column":39},"end":{"line":195,"column":65}}]},"37":{"type":"branch","line":195,"loc":{"start":{"line":195,"column":63},"end":{"line":197,"column":34}},"locations":[{"start":{"line":195,"column":63},"end":{"line":197,"column":34}}]},"38":{"type":"branch","line":197,"loc":{"start":{"line":197,"column":27},"end":{"line":198,"column":29}},"locations":[{"start":{"line":197,"column":27},"end":{"line":198,"column":29}}]},"39":{"type":"branch","line":197,"loc":{"start":{"line":197,"column":27},"end":{"line":197,"column":73}},"locations":[{"start":{"line":197,"column":27},"end":{"line":197,"column":73}}]},"40":{"type":"branch","line":197,"loc":{"start":{"line":197,"column":71},"end":{"line":198,"column":29}},"locations":[{"start":{"line":197,"column":71},"end":{"line":198,"column":29}}]},"41":{"type":"branch","line":201,"loc":{"start":{"line":201,"column":2},"end":{"line":214,"column":3}},"locations":[{"start":{"line":201,"column":2},"end":{"line":214,"column":3}}]},"42":{"type":"branch","line":206,"loc":{"start":{"line":206,"column":40},"end":{"line":213,"column":18}},"locations":[{"start":{"line":206,"column":40},"end":{"line":213,"column":18}}]},"43":{"type":"branch","line":206,"loc":{"start":{"line":206,"column":40},"end":{"line":212,"column":5}},"locations":[{"start":{"line":206,"column":40},"end":{"line":212,"column":5}}]},"44":{"type":"branch","line":208,"loc":{"start":{"line":208,"column":46},"end":{"line":208,"column":52}},"locations":[{"start":{"line":208,"column":46},"end":{"line":208,"column":52}}]},"45":{"type":"branch","line":209,"loc":{"start":{"line":209,"column":46},"end":{"line":209,"column":52}},"locations":[{"start":{"line":209,"column":46},"end":{"line":209,"column":52}}]},"46":{"type":"branch","line":216,"loc":{"start":{"line":216,"column":2},"end":{"line":218,"column":3}},"locations":[{"start":{"line":216,"column":2},"end":{"line":218,"column":3}}]},"47":{"type":"branch","line":220,"loc":{"start":{"line":220,"column":2},"end":{"line":230,"column":3}},"locations":[{"start":{"line":220,"column":2},"end":{"line":230,"column":3}}]},"48":{"type":"branch","line":234,"loc":{"start":{"line":234,"column":2},"end":{"line":240,"column":3}},"locations":[{"start":{"line":234,"column":2},"end":{"line":240,"column":3}}]},"49":{"type":"branch","line":237,"loc":{"start":{"line":237,"column":37},"end":{"line":237,"column":63}},"locations":[{"start":{"line":237,"column":37},"end":{"line":237,"column":63}}]},"50":{"type":"branch","line":237,"loc":{"start":{"line":237,"column":61},"end":{"line":239,"column":14}},"locations":[{"start":{"line":237,"column":61},"end":{"line":239,"column":14}}]},"51":{"type":"branch","line":242,"loc":{"start":{"line":242,"column":2},"end":{"line":245,"column":3}},"locations":[{"start":{"line":242,"column":2},"end":{"line":245,"column":3}}]},"52":{"type":"branch","line":247,"loc":{"start":{"line":247,"column":2},"end":{"line":266,"column":3}},"locations":[{"start":{"line":247,"column":2},"end":{"line":266,"column":3}}]},"53":{"type":"branch","line":257,"loc":{"start":{"line":257,"column":32},"end":{"line":257,"column":110}},"locations":[{"start":{"line":257,"column":32},"end":{"line":257,"column":110}}]},"54":{"type":"branch","line":257,"loc":{"start":{"line":257,"column":67},"end":{"line":257,"column":110}},"locations":[{"start":{"line":257,"column":67},"end":{"line":257,"column":110}}]},"55":{"type":"branch","line":257,"loc":{"start":{"line":257,"column":110},"end":{"line":259,"column":5}},"locations":[{"start":{"line":257,"column":110},"end":{"line":259,"column":5}}]},"56":{"type":"branch","line":259,"loc":{"start":{"line":259,"column":4},"end":{"line":261,"column":58}},"locations":[{"start":{"line":259,"column":4},"end":{"line":261,"column":58}}]},"57":{"type":"branch","line":261,"loc":{"start":{"line":261,"column":53},"end":{"line":261,"column":88}},"locations":[{"start":{"line":261,"column":53},"end":{"line":261,"column":88}}]},"58":{"type":"branch","line":262,"loc":{"start":{"line":262,"column":31},"end":{"line":262,"column":52}},"locations":[{"start":{"line":262,"column":31},"end":{"line":262,"column":52}}]},"59":{"type":"branch","line":262,"loc":{"start":{"line":262,"column":52},"end":{"line":265,"column":14}},"locations":[{"start":{"line":262,"column":52},"end":{"line":265,"column":14}}]},"60":{"type":"branch","line":262,"loc":{"start":{"line":262,"column":52},"end":{"line":262,"column":89}},"locations":[{"start":{"line":262,"column":52},"end":{"line":262,"column":89}}]},"61":{"type":"branch","line":262,"loc":{"start":{"line":262,"column":87},"end":{"line":265,"column":14}},"locations":[{"start":{"line":262,"column":87},"end":{"line":265,"column":14}}]},"62":{"type":"branch","line":268,"loc":{"start":{"line":268,"column":2},"end":{"line":271,"column":3}},"locations":[{"start":{"line":268,"column":2},"end":{"line":271,"column":3}}]},"63":{"type":"branch","line":273,"loc":{"start":{"line":273,"column":2},"end":{"line":277,"column":3}},"locations":[{"start":{"line":273,"column":2},"end":{"line":277,"column":3}}]},"64":{"type":"branch","line":287,"loc":{"start":{"line":287,"column":7},"end":{"line":294,"column":1}},"locations":[{"start":{"line":287,"column":7},"end":{"line":294,"column":1}}]},"65":{"type":"branch","line":288,"loc":{"start":{"line":288,"column":23},"end":{"line":288,"column":59}},"locations":[{"start":{"line":288,"column":23},"end":{"line":288,"column":59}}]},"66":{"type":"branch","line":289,"loc":{"start":{"line":289,"column":24},"end":{"line":289,"column":62}},"locations":[{"start":{"line":289,"column":24},"end":{"line":289,"column":62}}]},"67":{"type":"branch","line":290,"loc":{"start":{"line":290,"column":29},"end":{"line":290,"column":77}},"locations":[{"start":{"line":290,"column":29},"end":{"line":290,"column":77}}]},"68":{"type":"branch","line":292,"loc":{"start":{"line":292,"column":35},"end":{"line":292,"column":53}},"locations":[{"start":{"line":292,"column":35},"end":{"line":292,"column":53}}]}},"b":{"0":[1429],"1":[284],"2":[5612],"3":[912],"4":[854],"5":[834],"6":[823],"7":[4],"8":[6485],"9":[6465],"10":[6449],"11":[6437],"12":[977],"13":[84],"14":[2179],"15":[21],"16":[350],"17":[9],"18":[164],"19":[163],"20":[652],"21":[612],"22":[417],"23":[8],"24":[7],"25":[6],"26":[48],"27":[384],"28":[59],"29":[351],"30":[851],"31":[5],"32":[850],"33":[846],"34":[25],"35":[821],"36":[4],"37":[817],"38":[848],"39":[109],"40":[708],"41":[4],"42":[3],"43":[12],"44":[0],"45":[0],"46":[16],"47":[1145],"48":[716],"49":[1],"50":[714],"51":[243],"52":[50],"53":[7],"54":[6],"55":[4],"56":[45],"57":[13],"58":[3],"59":[47],"60":[2],"61":[43],"62":[127],"63":[14],"64":[288],"65":[284],"66":[284],"67":[286],"68":[286]},"fnMap":{"0":{"name":"BoardImpl","decl":{"start":{"line":69,"column":10},"end":{"line":77,"column":6}},"loc":{"start":{"line":69,"column":10},"end":{"line":77,"column":6}},"line":69},"1":{"name":"allocate","decl":{"start":{"line":80,"column":9},"end":{"line":91,"column":3}},"loc":{"start":{"line":80,"column":9},"end":{"line":91,"column":3}},"line":80},"2":{"name":"idx","decl":{"start":{"line":94,"column":10},"end":{"line":96,"column":3}},"loc":{"start":{"line":94,"column":10},"end":{"line":96,"column":3}},"line":94},"3":{"name":"isBlockedTerrain","decl":{"start":{"line":98,"column":10},"end":{"line":100,"column":3}},"loc":{"start":{"line":98,"column":10},"end":{"line":100,"column":3}},"line":98},"4":{"name":"isLethalTerrain","decl":{"start":{"line":102,"column":10},"end":{"line":104,"column":3}},"loc":{"start":{"line":102,"column":10},"end":{"line":104,"column":3}},"line":102},"5":{"name":"inBounds","decl":{"start":{"line":108,"column":2},"end":{"line":110,"column":3}},"loc":{"start":{"line":108,"column":2},"end":{"line":110,"column":3}},"line":108},"6":{"name":"getTile","decl":{"start":{"line":112,"column":2},"end":{"line":123,"column":3}},"loc":{"start":{"line":112,"column":2},"end":{"line":123,"column":3}},"line":112},"7":{"name":"isOccupied","decl":{"start":{"line":125,"column":2},"end":{"line":128,"column":3}},"loc":{"start":{"line":125,"column":2},"end":{"line":128,"column":3}},"line":125},"8":{"name":"getOccupant","decl":{"start":{"line":130,"column":2},"end":{"line":133,"column":3}},"loc":{"start":{"line":130,"column":2},"end":{"line":133,"column":3}},"line":130},"9":{"name":"isBlocked","decl":{"start":{"line":135,"column":2},"end":{"line":138,"column":3}},"loc":{"start":{"line":135,"column":2},"end":{"line":138,"column":3}},"line":135},"10":{"name":"getHazard","decl":{"start":{"line":140,"column":2},"end":{"line":143,"column":3}},"loc":{"start":{"line":140,"column":2},"end":{"line":143,"column":3}},"line":140},"11":{"name":"hasFlag","decl":{"start":{"line":145,"column":2},"end":{"line":149,"column":3}},"loc":{"start":{"line":145,"column":2},"end":{"line":149,"column":3}},"line":145},"12":{"name":"neighbors","decl":{"start":{"line":151,"column":2},"end":{"line":160,"column":3}},"loc":{"start":{"line":151,"column":2},"end":{"line":160,"column":3}},"line":151},"13":{"name":"distance","decl":{"start":{"line":162,"column":2},"end":{"line":164,"column":3}},"loc":{"start":{"line":162,"column":2},"end":{"line":164,"column":3}},"line":162},"14":{"name":"tilesInRange","decl":{"start":{"line":166,"column":2},"end":{"line":176,"column":3}},"loc":{"start":{"line":166,"column":2},"end":{"line":176,"column":3}},"line":166},"15":{"name":"step","decl":{"start":{"line":178,"column":2},"end":{"line":188,"column":3}},"loc":{"start":{"line":178,"column":2},"end":{"line":188,"column":3}},"line":178},"16":{"name":"classify","decl":{"start":{"line":190,"column":2},"end":{"line":199,"column":3}},"loc":{"start":{"line":190,"column":2},"end":{"line":199,"column":3}},"line":190},"17":{"name":"rayTiles","decl":{"start":{"line":201,"column":2},"end":{"line":214,"column":3}},"loc":{"start":{"line":201,"column":2},"end":{"line":214,"column":3}},"line":201},"18":{"name":"reachableTiles","decl":{"start":{"line":216,"column":2},"end":{"line":218,"column":3}},"loc":{"start":{"line":216,"column":2},"end":{"line":218,"column":3}},"line":216},"19":{"name":"snapshot","decl":{"start":{"line":220,"column":2},"end":{"line":230,"column":3}},"loc":{"start":{"line":220,"column":2},"end":{"line":230,"column":3}},"line":220},"20":{"name":"place","decl":{"start":{"line":234,"column":2},"end":{"line":240,"column":3}},"loc":{"start":{"line":234,"column":2},"end":{"line":240,"column":3}},"line":234},"21":{"name":"clear","decl":{"start":{"line":242,"column":2},"end":{"line":245,"column":3}},"loc":{"start":{"line":242,"column":2},"end":{"line":245,"column":3}},"line":242},"22":{"name":"setTerrain","decl":{"start":{"line":247,"column":2},"end":{"line":266,"column":3}},"loc":{"start":{"line":247,"column":2},"end":{"line":266,"column":3}},"line":247},"23":{"name":"setHazard","decl":{"start":{"line":268,"column":2},"end":{"line":271,"column":3}},"loc":{"start":{"line":268,"column":2},"end":{"line":271,"column":3}},"line":268},"24":{"name":"setFlag","decl":{"start":{"line":273,"column":2},"end":{"line":277,"column":3}},"loc":{"start":{"line":273,"column":2},"end":{"line":277,"column":3}},"line":273},"25":{"name":"makeBoard","decl":{"start":{"line":287,"column":7},"end":{"line":294,"column":1}},"loc":{"start":{"line":287,"column":7},"end":{"line":294,"column":1}},"line":287}},"f":{"0":1429,"1":284,"2":5612,"3":912,"4":834,"5":6485,"6":977,"7":84,"8":2179,"9":21,"10":350,"11":9,"12":164,"13":417,"14":8,"15":351,"16":851,"17":4,"18":16,"19":1145,"20":716,"21":243,"22":50,"23":127,"24":14,"25":288}}
,"E:\\3HP-Project\\game-test-3\\src\\core\\board\\reachable-tiles.ts": {"path":"E:\\3HP-Project\\game-test-3\\src\\core\\board\\reachable-tiles.ts","all":false,"statementMap":{"17":{"start":{"line":18,"column":0},"end":{"line":18,"column":46}},"20":{"start":{"line":21,"column":0},"end":{"line":21,"column":38}},"21":{"start":{"line":22,"column":0},"end":{"line":22,"column":35}},"22":{"start":{"line":23,"column":0},"end":{"line":23,"column":1}},"37":{"start":{"line":38,"column":0},"end":{"line":38,"column":83}},"38":{"start":{"line":39,"column":0},"end":{"line":39,"column":122}},"39":{"start":{"line":40,"column":0},"end":{"line":40,"column":114}},"41":{"start":{"line":42,"column":0},"end":{"line":42,"column":53}},"42":{"start":{"line":43,"column":0},"end":{"line":43,"column":28}},"43":{"start":{"line":44,"column":0},"end":{"line":44,"column":34}},"45":{"start":{"line":46,"column":0},"end":{"line":46,"column":44}},"46":{"start":{"line":47,"column":0},"end":{"line":47,"column":28}},"47":{"start":{"line":48,"column":0},"end":{"line":48,"column":34}},"48":{"start":{"line":49,"column":0},"end":{"line":49,"column":67}},"49":{"start":{"line":50,"column":0},"end":{"line":50,"column":38}},"50":{"start":{"line":51,"column":0},"end":{"line":51,"column":39}},"51":{"start":{"line":52,"column":0},"end":{"line":52,"column":64}},"52":{"start":{"line":53,"column":0},"end":{"line":53,"column":25}},"53":{"start":{"line":54,"column":0},"end":{"line":54,"column":30}},"54":{"start":{"line":55,"column":0},"end":{"line":55,"column":28}},"55":{"start":{"line":56,"column":0},"end":{"line":56,"column":7}},"56":{"start":{"line":57,"column":0},"end":{"line":57,"column":5}},"57":{"start":{"line":58,"column":0},"end":{"line":58,"column":20}},"58":{"start":{"line":59,"column":0},"end":{"line":59,"column":3}},"60":{"start":{"line":61,"column":0},"end":{"line":61,"column":16}},"61":{"start":{"line":62,"column":0},"end":{"line":62,"column":1}}},"s":{"17":1,"20":599,"21":599,"22":599,"37":1,"38":17,"39":17,"41":17,"42":17,"43":17,"45":17,"46":132,"47":132,"48":155,"49":585,"50":585,"51":257,"52":242,"53":242,"54":242,"55":242,"56":155,"57":132,"58":132,"60":14,"61":14},"branchMap":{"0":{"type":"branch","line":21,"loc":{"start":{"line":21,"column":0},"end":{"line":23,"column":1}},"locations":[{"start":{"line":21,"column":0},"end":{"line":23,"column":1}}]},"1":{"type":"branch","line":38,"loc":{"start":{"line":38,"column":7},"end":{"line":62,"column":1}},"locations":[{"start":{"line":38,"column":7},"end":{"line":62,"column":1}}]},"2":{"type":"branch","line":40,"loc":{"start":{"line":40,"column":34},"end":{"line":40,"column":51}},"locations":[{"start":{"line":40,"column":34},"end":{"line":40,"column":51}}]},"3":{"type":"branch","line":46,"loc":{"start":{"line":46,"column":43},"end":{"line":62,"column":1}},"locations":[{"start":{"line":46,"column":43},"end":{"line":62,"column":1}}]},"4":{"type":"branch","line":46,"loc":{"start":{"line":46,"column":43},"end":{"line":59,"column":3}},"locations":[{"start":{"line":46,"column":43},"end":{"line":59,"column":3}}]},"5":{"type":"branch","line":48,"loc":{"start":{"line":48,"column":33},"end":{"line":57,"column":5}},"locations":[{"start":{"line":48,"column":33},"end":{"line":57,"column":5}}]},"6":{"type":"branch","line":49,"loc":{"start":{"line":49,"column":66},"end":{"line":56,"column":7}},"locations":[{"start":{"line":49,"column":66},"end":{"line":56,"column":7}}]},"7":{"type":"branch","line":51,"loc":{"start":{"line":51,"column":30},"end":{"line":51,"column":39}},"locations":[{"start":{"line":51,"column":30},"end":{"line":51,"column":39}}]},"8":{"type":"branch","line":51,"loc":{"start":{"line":51,"column":30},"end":{"line":52,"column":64}},"locations":[{"start":{"line":51,"column":30},"end":{"line":52,"column":64}}]},"9":{"type":"branch","line":52,"loc":{"start":{"line":52,"column":55},"end":{"line":52,"column":64}},"locations":[{"start":{"line":52,"column":55},"end":{"line":52,"column":64}}]},"10":{"type":"branch","line":52,"loc":{"start":{"line":52,"column":55},"end":{"line":56,"column":7}},"locations":[{"start":{"line":52,"column":55},"end":{"line":56,"column":7}}]},"11":{"type":"branch","line":59,"loc":{"start":{"line":59,"column":2},"end":{"line":62,"column":1}},"locations":[{"start":{"line":59,"column":2},"end":{"line":62,"column":1}}]}},"b":{"0":[599],"1":[17],"2":[15],"3":[16],"4":[132],"5":[155],"6":[585],"7":[328],"8":[257],"9":[15],"10":[242],"11":[14]},"fnMap":{"0":{"name":"tileKey","decl":{"start":{"line":21,"column":0},"end":{"line":23,"column":1}},"loc":{"start":{"line":21,"column":0},"end":{"line":23,"column":1}},"line":21},"1":{"name":"reachableTiles","decl":{"start":{"line":38,"column":7},"end":{"line":62,"column":1}},"loc":{"start":{"line":38,"column":7},"end":{"line":62,"column":1}},"line":38}},"f":{"0":599,"1":17}}
,"E:\\3HP-Project\\game-test-3\\src\\core\\combat\\combat-config.ts": {"path":"E:\\3HP-Project\\game-test-3\\src\\core\\combat\\combat-config.ts","all":false,"statementMap":{"21":{"start":{"line":22,"column":0},"end":{"line":22,"column":76}},"22":{"start":{"line":23,"column":0},"end":{"line":23,"column":21}},"23":{"start":{"line":24,"column":0},"end":{"line":24,"column":23}},"24":{"start":{"line":25,"column":0},"end":{"line":25,"column":30}},"25":{"start":{"line":26,"column":0},"end":{"line":26,"column":3}}},"s":{"21":1,"22":1,"23":1,"24":1,"25":1},"branchMap":{},"b":{},"fnMap":{},"f":{}}
,"E:\\3HP-Project\\game-test-3\\src\\core\\combat\\combat-events.ts": {"path":"E:\\3HP-Project\\game-test-3\\src\\core\\combat\\combat-events.ts","all":true,"statementMap":{},"s":{},"branchMap":{"0":{"type":"branch","line":1,"loc":{"start":{"line":1,"column":6241},"end":{"line":159,"column":63}},"locations":[{"start":{"line":1,"column":6241},"end":{"line":159,"column":63}}]}},"b":{"0":[1]},"fnMap":{"0":{"name":"(empty-report)","decl":{"start":{"line":1,"column":6241},"end":{"line":159,"column":63}},"loc":{"start":{"line":1,"column":6241},"end":{"line":159,"column":63}},"line":1}},"f":{"0":1}}
,"E:\\3HP-Project\\game-test-3\\src\\core\\combat\\combat-resolve.ts": {"path":"E:\\3HP-Project\\game-test-3\\src\\core\\combat\\combat-resolve.ts","all":false,"statementMap":{"19":{"start":{"line":20,"column":0},"end":{"line":20,"column":53}},"20":{"start":{"line":21,"column":0},"end":{"line":21,"column":50}},"22":{"start":{"line":23,"column":0},"end":{"line":23,"column":59}},"23":{"start":{"line":24,"column":0},"end":{"line":24,"column":48}},"51":{"start":{"line":52,"column":0},"end":{"line":52,"column":62}},"52":{"start":{"line":53,"column":0},"end":{"line":53,"column":25}},"53":{"start":{"line":54,"column":0},"end":{"line":54,"column":22}},"54":{"start":{"line":55,"column":0},"end":{"line":55,"column":1}},"61":{"start":{"line":62,"column":0},"end":{"line":62,"column":62}},"62":{"start":{"line":63,"column":0},"end":{"line":63,"column":48}},"63":{"start":{"line":64,"column":0},"end":{"line":64,"column":49}},"64":{"start":{"line":65,"column":0},"end":{"line":65,"column":70}},"65":{"start":{"line":66,"column":0},"end":{"line":66,"column":5}},"66":{"start":{"line":67,"column":0},"end":{"line":67,"column":3}},"67":{"start":{"line":68,"column":0},"end":{"line":68,"column":14}},"68":{"start":{"line":69,"column":0},"end":{"line":69,"column":1}},"76":{"start":{"line":77,"column":0},"end":{"line":77,"column":69}},"77":{"start":{"line":78,"column":0},"end":{"line":78,"column":33}},"78":{"start":{"line":79,"column":0},"end":{"line":79,"column":35}},"79":{"start":{"line":80,"column":0},"end":{"line":80,"column":104}},"80":{"start":{"line":81,"column":0},"end":{"line":81,"column":40}},"81":{"start":{"line":82,"column":0},"end":{"line":82,"column":16}},"82":{"start":{"line":83,"column":0},"end":{"line":83,"column":68}},"83":{"start":{"line":84,"column":0},"end":{"line":84,"column":96}},"84":{"start":{"line":85,"column":0},"end":{"line":85,"column":8}},"85":{"start":{"line":86,"column":0},"end":{"line":86,"column":5}},"86":{"start":{"line":87,"column":0},"end":{"line":87,"column":3}},"87":{"start":{"line":88,"column":0},"end":{"line":88,"column":1}},"92":{"start":{"line":93,"column":0},"end":{"line":93,"column":83}},"93":{"start":{"line":94,"column":0},"end":{"line":94,"column":118}},"94":{"start":{"line":95,"column":0},"end":{"line":95,"column":39}},"95":{"start":{"line":96,"column":0},"end":{"line":96,"column":41}},"96":{"start":{"line":97,"column":0},"end":{"line":97,"column":35}},"97":{"start":{"line":98,"column":0},"end":{"line":98,"column":69}},"98":{"start":{"line":99,"column":0},"end":{"line":99,"column":66}},"99":{"start":{"line":100,"column":0},"end":{"line":100,"column":1}},"102":{"start":{"line":103,"column":0},"end":{"line":103,"column":96}},"103":{"start":{"line":104,"column":0},"end":{"line":104,"column":80}},"104":{"start":{"line":105,"column":0},"end":{"line":105,"column":45}},"105":{"start":{"line":106,"column":0},"end":{"line":106,"column":107}},"106":{"start":{"line":107,"column":0},"end":{"line":107,"column":24}},"107":{"start":{"line":108,"column":0},"end":{"line":108,"column":33}},"108":{"start":{"line":109,"column":0},"end":{"line":109,"column":61}},"109":{"start":{"line":110,"column":0},"end":{"line":110,"column":1}},"112":{"start":{"line":113,"column":0},"end":{"line":113,"column":88}},"113":{"start":{"line":114,"column":0},"end":{"line":114,"column":50}},"114":{"start":{"line":115,"column":0},"end":{"line":115,"column":40}},"115":{"start":{"line":116,"column":0},"end":{"line":116,"column":77}},"116":{"start":{"line":117,"column":0},"end":{"line":117,"column":11}},"117":{"start":{"line":118,"column":0},"end":{"line":118,"column":3}},"118":{"start":{"line":119,"column":0},"end":{"line":119,"column":52}},"119":{"start":{"line":120,"column":0},"end":{"line":120,"column":100}},"120":{"start":{"line":121,"column":0},"end":{"line":121,"column":84}},"121":{"start":{"line":122,"column":0},"end":{"line":122,"column":75}},"123":{"start":{"line":124,"column":0},"end":{"line":124,"column":1}},"126":{"start":{"line":127,"column":0},"end":{"line":127,"column":95}},"127":{"start":{"line":128,"column":0},"end":{"line":128,"column":57}},"128":{"start":{"line":129,"column":0},"end":{"line":129,"column":19}},"129":{"start":{"line":130,"column":0},"end":{"line":130,"column":90}},"130":{"start":{"line":131,"column":0},"end":{"line":131,"column":11}},"131":{"start":{"line":132,"column":0},"end":{"line":132,"column":3}},"132":{"start":{"line":133,"column":0},"end":{"line":133,"column":56}},"133":{"start":{"line":134,"column":0},"end":{"line":134,"column":1}},"136":{"start":{"line":137,"column":0},"end":{"line":137,"column":30}},"137":{"start":{"line":138,"column":0},"end":{"line":138,"column":22}},"138":{"start":{"line":139,"column":0},"end":{"line":139,"column":13}},"139":{"start":{"line":140,"column":0},"end":{"line":140,"column":25}},"140":{"start":{"line":141,"column":0},"end":{"line":141,"column":38}},"141":{"start":{"line":142,"column":0},"end":{"line":142,"column":9}},"142":{"start":{"line":143,"column":0},"end":{"line":143,"column":93}},"143":{"start":{"line":144,"column":0},"end":{"line":144,"column":40}},"144":{"start":{"line":145,"column":0},"end":{"line":145,"column":51}},"145":{"start":{"line":146,"column":0},"end":{"line":146,"column":83}},"146":{"start":{"line":147,"column":0},"end":{"line":147,"column":1}},"165":{"start":{"line":166,"column":0},"end":{"line":166,"column":70}},"166":{"start":{"line":167,"column":0},"end":{"line":167,"column":61}},"167":{"start":{"line":168,"column":0},"end":{"line":168,"column":34}},"168":{"start":{"line":169,"column":0},"end":{"line":169,"column":63}},"169":{"start":{"line":170,"column":0},"end":{"line":170,"column":34}},"171":{"start":{"line":172,"column":0},"end":{"line":172,"column":63}},"172":{"start":{"line":173,"column":0},"end":{"line":173,"column":41}},"173":{"start":{"line":174,"column":0},"end":{"line":174,"column":106}},"174":{"start":{"line":175,"column":0},"end":{"line":175,"column":63}},"175":{"start":{"line":176,"column":0},"end":{"line":176,"column":3}},"177":{"start":{"line":178,"column":0},"end":{"line":178,"column":60}},"178":{"start":{"line":179,"column":0},"end":{"line":179,"column":66}},"179":{"start":{"line":180,"column":0},"end":{"line":180,"column":57}},"180":{"start":{"line":181,"column":0},"end":{"line":181,"column":28}},"181":{"start":{"line":182,"column":0},"end":{"line":182,"column":38}},"182":{"start":{"line":183,"column":0},"end":{"line":183,"column":42}},"183":{"start":{"line":184,"column":0},"end":{"line":184,"column":12}},"184":{"start":{"line":185,"column":0},"end":{"line":185,"column":53}},"185":{"start":{"line":186,"column":0},"end":{"line":186,"column":5}},"186":{"start":{"line":187,"column":0},"end":{"line":187,"column":3}},"187":{"start":{"line":188,"column":0},"end":{"line":188,"column":1}},"190":{"start":{"line":191,"column":0},"end":{"line":191,"column":85}},"191":{"start":{"line":192,"column":0},"end":{"line":192,"column":67}},"192":{"start":{"line":193,"column":0},"end":{"line":193,"column":83}},"193":{"start":{"line":194,"column":0},"end":{"line":194,"column":11}},"194":{"start":{"line":195,"column":0},"end":{"line":195,"column":3}},"195":{"start":{"line":196,"column":0},"end":{"line":196,"column":45}},"196":{"start":{"line":197,"column":0},"end":{"line":197,"column":45}},"197":{"start":{"line":198,"column":0},"end":{"line":198,"column":110}},"199":{"start":{"line":200,"column":0},"end":{"line":200,"column":25}},"200":{"start":{"line":201,"column":0},"end":{"line":201,"column":25}},"201":{"start":{"line":202,"column":0},"end":{"line":202,"column":34}},"202":{"start":{"line":203,"column":0},"end":{"line":203,"column":34}},"203":{"start":{"line":204,"column":0},"end":{"line":204,"column":57}},"206":{"start":{"line":207,"column":0},"end":{"line":207,"column":91}},"207":{"start":{"line":208,"column":0},"end":{"line":208,"column":91}},"208":{"start":{"line":209,"column":0},"end":{"line":209,"column":1}},"218":{"start":{"line":219,"column":0},"end":{"line":219,"column":113}},"219":{"start":{"line":220,"column":0},"end":{"line":220,"column":83}},"220":{"start":{"line":221,"column":0},"end":{"line":221,"column":48}},"221":{"start":{"line":222,"column":0},"end":{"line":222,"column":114}},"223":{"start":{"line":224,"column":0},"end":{"line":224,"column":21}},"224":{"start":{"line":225,"column":0},"end":{"line":225,"column":38}},"225":{"start":{"line":226,"column":0},"end":{"line":226,"column":60}},"226":{"start":{"line":227,"column":0},"end":{"line":227,"column":72}},"228":{"start":{"line":229,"column":0},"end":{"line":229,"column":34}},"229":{"start":{"line":230,"column":0},"end":{"line":230,"column":21}},"230":{"start":{"line":231,"column":0},"end":{"line":231,"column":37}},"231":{"start":{"line":232,"column":0},"end":{"line":232,"column":42}},"232":{"start":{"line":233,"column":0},"end":{"line":233,"column":106}},"233":{"start":{"line":234,"column":0},"end":{"line":234,"column":31}},"234":{"start":{"line":235,"column":0},"end":{"line":235,"column":24}},"235":{"start":{"line":236,"column":0},"end":{"line":236,"column":17}},"236":{"start":{"line":237,"column":0},"end":{"line":237,"column":7}},"237":{"start":{"line":238,"column":0},"end":{"line":238,"column":27}},"238":{"start":{"line":239,"column":0},"end":{"line":239,"column":120}},"239":{"start":{"line":240,"column":0},"end":{"line":240,"column":61}},"240":{"start":{"line":241,"column":0},"end":{"line":241,"column":15}},"241":{"start":{"line":242,"column":0},"end":{"line":242,"column":7}},"242":{"start":{"line":243,"column":0},"end":{"line":243,"column":30}},"243":{"start":{"line":244,"column":0},"end":{"line":244,"column":120}},"244":{"start":{"line":245,"column":0},"end":{"line":245,"column":61}},"245":{"start":{"line":246,"column":0},"end":{"line":246,"column":15}},"246":{"start":{"line":247,"column":0},"end":{"line":247,"column":7}},"247":{"start":{"line":248,"column":0},"end":{"line":248,"column":22}},"248":{"start":{"line":249,"column":0},"end":{"line":249,"column":37}},"249":{"start":{"line":250,"column":0},"end":{"line":250,"column":42}},"250":{"start":{"line":251,"column":0},"end":{"line":251,"column":49}},"251":{"start":{"line":252,"column":0},"end":{"line":252,"column":15}},"252":{"start":{"line":253,"column":0},"end":{"line":253,"column":7}},"253":{"start":{"line":254,"column":0},"end":{"line":254,"column":24}},"254":{"start":{"line":255,"column":0},"end":{"line":255,"column":46}},"255":{"start":{"line":256,"column":0},"end":{"line":256,"column":19}},"256":{"start":{"line":257,"column":0},"end":{"line":257,"column":37}},"257":{"start":{"line":258,"column":0},"end":{"line":258,"column":20}},"258":{"start":{"line":259,"column":0},"end":{"line":259,"column":21}},"259":{"start":{"line":260,"column":0},"end":{"line":260,"column":54}},"260":{"start":{"line":261,"column":0},"end":{"line":261,"column":23}},"261":{"start":{"line":262,"column":0},"end":{"line":262,"column":11}},"262":{"start":{"line":263,"column":0},"end":{"line":263,"column":61}},"263":{"start":{"line":264,"column":0},"end":{"line":264,"column":62}},"264":{"start":{"line":265,"column":0},"end":{"line":265,"column":15}},"265":{"start":{"line":266,"column":0},"end":{"line":266,"column":7}},"266":{"start":{"line":267,"column":0},"end":{"line":267,"column":5}},"267":{"start":{"line":268,"column":0},"end":{"line":268,"column":3}},"268":{"start":{"line":269,"column":0},"end":{"line":269,"column":77}},"269":{"start":{"line":270,"column":0},"end":{"line":270,"column":1}},"273":{"start":{"line":274,"column":0},"end":{"line":274,"column":71}},"274":{"start":{"line":275,"column":0},"end":{"line":275,"column":24}},"275":{"start":{"line":276,"column":0},"end":{"line":276,"column":18}},"276":{"start":{"line":277,"column":0},"end":{"line":277,"column":55}},"277":{"start":{"line":278,"column":0},"end":{"line":278,"column":13}},"278":{"start":{"line":279,"column":0},"end":{"line":279,"column":16}},"279":{"start":{"line":280,"column":0},"end":{"line":280,"column":83}},"280":{"start":{"line":281,"column":0},"end":{"line":281,"column":13}},"281":{"start":{"line":282,"column":0},"end":{"line":282,"column":16}},"282":{"start":{"line":283,"column":0},"end":{"line":283,"column":83}},"283":{"start":{"line":284,"column":0},"end":{"line":284,"column":13}},"284":{"start":{"line":285,"column":0},"end":{"line":285,"column":16}},"285":{"start":{"line":286,"column":0},"end":{"line":286,"column":57}},"286":{"start":{"line":287,"column":0},"end":{"line":287,"column":13}},"287":{"start":{"line":288,"column":0},"end":{"line":288,"column":23}},"288":{"start":{"line":289,"column":0},"end":{"line":289,"column":81}},"289":{"start":{"line":290,"column":0},"end":{"line":290,"column":13}},"290":{"start":{"line":291,"column":0},"end":{"line":291,"column":23}},"291":{"start":{"line":292,"column":0},"end":{"line":292,"column":45}},"292":{"start":{"line":293,"column":0},"end":{"line":293,"column":13}},"293":{"start":{"line":294,"column":0},"end":{"line":294,"column":22}},"294":{"start":{"line":295,"column":0},"end":{"line":295,"column":62}},"295":{"start":{"line":296,"column":0},"end":{"line":296,"column":13}},"296":{"start":{"line":297,"column":0},"end":{"line":297,"column":22}},"297":{"start":{"line":298,"column":0},"end":{"line":298,"column":64}},"298":{"start":{"line":299,"column":0},"end":{"line":299,"column":13}},"299":{"start":{"line":300,"column":0},"end":{"line":300,"column":21}},"300":{"start":{"line":301,"column":0},"end":{"line":301,"column":60}},"301":{"start":{"line":302,"column":0},"end":{"line":302,"column":13}},"302":{"start":{"line":303,"column":0},"end":{"line":303,"column":3}},"303":{"start":{"line":304,"column":0},"end":{"line":304,"column":1}},"322":{"start":{"line":323,"column":0},"end":{"line":323,"column":24}},"323":{"start":{"line":324,"column":0},"end":{"line":324,"column":15}},"324":{"start":{"line":325,"column":0},"end":{"line":325,"column":21}},"325":{"start":{"line":326,"column":0},"end":{"line":326,"column":38}},"326":{"start":{"line":327,"column":0},"end":{"line":327,"column":31}},"327":{"start":{"line":328,"column":0},"end":{"line":328,"column":18}},"328":{"start":{"line":329,"column":0},"end":{"line":329,"column":27}},"329":{"start":{"line":330,"column":0},"end":{"line":330,"column":31}},"330":{"start":{"line":331,"column":0},"end":{"line":331,"column":10}},"331":{"start":{"line":332,"column":0},"end":{"line":332,"column":10}},"332":{"start":{"line":333,"column":0},"end":{"line":333,"column":55}},"333":{"start":{"line":334,"column":0},"end":{"line":334,"column":52}},"334":{"start":{"line":335,"column":0},"end":{"line":335,"column":15}},"335":{"start":{"line":336,"column":0},"end":{"line":336,"column":4}},"336":{"start":{"line":337,"column":0},"end":{"line":337,"column":33}},"337":{"start":{"line":338,"column":0},"end":{"line":338,"column":26}},"338":{"start":{"line":339,"column":0},"end":{"line":339,"column":3}},"339":{"start":{"line":340,"column":0},"end":{"line":340,"column":20}},"340":{"start":{"line":341,"column":0},"end":{"line":341,"column":1}}},"s":{"19":1,"20":1,"22":1,"23":1,"51":720,"52":720,"53":720,"54":720,"61":132,"62":132,"63":315,"64":1779,"65":1779,"66":183,"67":0,"68":0,"76":156,"77":156,"78":591,"79":8,"80":591,"81":2,"82":2,"83":2,"84":2,"85":2,"86":591,"87":154,"92":236,"93":236,"94":236,"95":236,"96":236,"97":236,"98":236,"99":236,"102":9,"103":9,"104":8,"105":8,"106":8,"107":8,"108":8,"109":8,"112":219,"113":219,"114":219,"115":2,"116":2,"117":2,"118":217,"119":217,"120":219,"121":219,"123":219,"126":12,"127":12,"128":12,"129":2,"130":2,"131":2,"132":10,"133":10,"136":112,"137":112,"138":112,"139":112,"140":112,"141":112,"142":112,"143":112,"144":112,"145":112,"146":112,"165":115,"166":115,"167":115,"168":113,"169":113,"171":12,"172":15,"173":11,"174":11,"175":11,"177":12,"178":115,"179":6,"180":6,"181":1,"182":1,"183":6,"184":5,"185":5,"186":6,"187":115,"190":3,"191":3,"192":1,"193":1,"194":1,"195":2,"196":2,"197":3,"199":3,"200":3,"201":3,"202":3,"203":3,"206":3,"207":3,"208":3,"218":120,"219":120,"220":120,"221":120,"223":120,"224":120,"225":335,"226":335,"228":335,"229":335,"230":221,"231":221,"232":221,"233":221,"234":221,"235":221,"236":221,"237":335,"238":1,"239":1,"240":1,"241":1,"242":335,"243":6,"244":6,"245":6,"246":6,"247":335,"248":1,"249":1,"250":1,"251":1,"252":1,"253":335,"254":106,"255":106,"256":106,"257":106,"258":106,"259":106,"260":106,"261":106,"262":106,"263":106,"264":106,"265":106,"266":335,"267":335,"268":6,"269":6,"273":588,"274":588,"275":588,"276":6,"277":6,"278":588,"279":119,"280":119,"281":588,"282":1,"283":1,"284":588,"285":3,"286":3,"287":588,"288":112,"289":112,"290":588,"291":112,"292":112,"293":588,"294":4,"295":4,"296":588,"297":12,"298":12,"299":588,"300":219,"301":219,"302":588,"303":588,"322":1,"323":156,"324":156,"325":156,"326":156,"327":156,"328":156,"329":156,"330":156,"331":156,"332":156,"333":156,"334":156,"335":156,"336":156,"337":588,"338":588,"339":154,"340":154},"branchMap":{"0":{"type":"branch","line":52,"loc":{"start":{"line":52,"column":0},"end":{"line":55,"column":1}},"locations":[{"start":{"line":52,"column":0},"end":{"line":55,"column":1}}]},"1":{"type":"branch","line":62,"loc":{"start":{"line":62,"column":0},"end":{"line":69,"column":1}},"locations":[{"start":{"line":62,"column":0},"end":{"line":69,"column":1}}]},"2":{"type":"branch","line":63,"loc":{"start":{"line":63,"column":47},"end":{"line":67,"column":3}},"locations":[{"start":{"line":63,"column":47},"end":{"line":67,"column":3}}]},"3":{"type":"branch","line":64,"loc":{"start":{"line":64,"column":48},"end":{"line":66,"column":5}},"locations":[{"start":{"line":64,"column":48},"end":{"line":66,"column":5}}]},"4":{"type":"branch","line":65,"loc":{"start":{"line":65,"column":50},"end":{"line":65,"column":70}},"locations":[{"start":{"line":65,"column":50},"end":{"line":65,"column":70}}]},"5":{"type":"branch","line":66,"loc":{"start":{"line":66,"column":4},"end":{"line":67,"column":3}},"locations":[{"start":{"line":66,"column":4},"end":{"line":67,"column":3}}]},"6":{"type":"branch","line":67,"loc":{"start":{"line":67,"column":2},"end":{"line":69,"column":1}},"locations":[{"start":{"line":67,"column":2},"end":{"line":69,"column":1}}]},"7":{"type":"branch","line":77,"loc":{"start":{"line":77,"column":0},"end":{"line":88,"column":1}},"locations":[{"start":{"line":77,"column":0},"end":{"line":88,"column":1}}]},"8":{"type":"branch","line":78,"loc":{"start":{"line":78,"column":32},"end":{"line":87,"column":3}},"locations":[{"start":{"line":78,"column":32},"end":{"line":87,"column":3}}]},"9":{"type":"branch","line":79,"loc":{"start":{"line":79,"column":34},"end":{"line":81,"column":15}},"locations":[{"start":{"line":79,"column":34},"end":{"line":81,"column":15}}]},"10":{"type":"branch","line":81,"loc":{"start":{"line":81,"column":4},"end":{"line":86,"column":5}},"locations":[{"start":{"line":81,"column":4},"end":{"line":86,"column":5}}]},"11":{"type":"branch","line":81,"loc":{"start":{"line":81,"column":39},"end":{"line":86,"column":5}},"locations":[{"start":{"line":81,"column":39},"end":{"line":86,"column":5}}]},"12":{"type":"branch","line":83,"loc":{"start":{"line":83,"column":29},"end":{"line":83,"column":68}},"locations":[{"start":{"line":83,"column":29},"end":{"line":83,"column":68}}]},"13":{"type":"branch","line":87,"loc":{"start":{"line":87,"column":2},"end":{"line":88,"column":1}},"locations":[{"start":{"line":87,"column":2},"end":{"line":88,"column":1}}]},"14":{"type":"branch","line":93,"loc":{"start":{"line":93,"column":0},"end":{"line":100,"column":1}},"locations":[{"start":{"line":93,"column":0},"end":{"line":100,"column":1}}]},"15":{"type":"branch","line":94,"loc":{"start":{"line":94,"column":36},"end":{"line":94,"column":118}},"locations":[{"start":{"line":94,"column":36},"end":{"line":94,"column":118}}]},"16":{"type":"branch","line":99,"loc":{"start":{"line":99,"column":19},"end":{"line":99,"column":66}},"locations":[{"start":{"line":99,"column":19},"end":{"line":99,"column":66}}]},"17":{"type":"branch","line":103,"loc":{"start":{"line":103,"column":0},"end":{"line":110,"column":1}},"locations":[{"start":{"line":103,"column":0},"end":{"line":110,"column":1}}]},"18":{"type":"branch","line":104,"loc":{"start":{"line":104,"column":36},"end":{"line":104,"column":80}},"locations":[{"start":{"line":104,"column":36},"end":{"line":104,"column":80}}]},"19":{"type":"branch","line":104,"loc":{"start":{"line":104,"column":36},"end":{"line":110,"column":1}},"locations":[{"start":{"line":104,"column":36},"end":{"line":110,"column":1}}]},"20":{"type":"branch","line":113,"loc":{"start":{"line":113,"column":0},"end":{"line":124,"column":1}},"locations":[{"start":{"line":113,"column":0},"end":{"line":124,"column":1}}]},"21":{"type":"branch","line":115,"loc":{"start":{"line":115,"column":39},"end":{"line":118,"column":3}},"locations":[{"start":{"line":115,"column":39},"end":{"line":118,"column":3}}]},"22":{"type":"branch","line":118,"loc":{"start":{"line":118,"column":2},"end":{"line":121,"column":82}},"locations":[{"start":{"line":118,"column":2},"end":{"line":121,"column":82}}]},"23":{"type":"branch","line":127,"loc":{"start":{"line":127,"column":0},"end":{"line":134,"column":1}},"locations":[{"start":{"line":127,"column":0},"end":{"line":134,"column":1}}]},"24":{"type":"branch","line":129,"loc":{"start":{"line":129,"column":18},"end":{"line":134,"column":1}},"locations":[{"start":{"line":129,"column":18},"end":{"line":134,"column":1}}]},"25":{"type":"branch","line":129,"loc":{"start":{"line":129,"column":18},"end":{"line":132,"column":3}},"locations":[{"start":{"line":129,"column":18},"end":{"line":132,"column":3}}]},"26":{"type":"branch","line":137,"loc":{"start":{"line":137,"column":0},"end":{"line":147,"column":1}},"locations":[{"start":{"line":137,"column":0},"end":{"line":147,"column":1}}]},"27":{"type":"branch","line":143,"loc":{"start":{"line":143,"column":37},"end":{"line":143,"column":84}},"locations":[{"start":{"line":143,"column":37},"end":{"line":143,"column":84}}]},"28":{"type":"branch","line":143,"loc":{"start":{"line":143,"column":60},"end":{"line":143,"column":93}},"locations":[{"start":{"line":143,"column":60},"end":{"line":143,"column":93}}]},"29":{"type":"branch","line":166,"loc":{"start":{"line":166,"column":0},"end":{"line":188,"column":1}},"locations":[{"start":{"line":166,"column":0},"end":{"line":188,"column":1}}]},"30":{"type":"branch","line":168,"loc":{"start":{"line":168,"column":27},"end":{"line":168,"column":34}},"locations":[{"start":{"line":168,"column":27},"end":{"line":168,"column":34}}]},"31":{"type":"branch","line":168,"loc":{"start":{"line":168,"column":27},"end":{"line":170,"column":34}},"locations":[{"start":{"line":168,"column":27},"end":{"line":170,"column":34}}]},"32":{"type":"branch","line":170,"loc":{"start":{"line":170,"column":27},"end":{"line":170,"column":34}},"locations":[{"start":{"line":170,"column":27},"end":{"line":170,"column":34}}]},"33":{"type":"branch","line":170,"loc":{"start":{"line":170,"column":27},"end":{"line":179,"column":65}},"locations":[{"start":{"line":170,"column":27},"end":{"line":179,"column":65}}]},"34":{"type":"branch","line":170,"loc":{"start":{"line":170,"column":27},"end":{"line":173,"column":40}},"locations":[{"start":{"line":170,"column":27},"end":{"line":173,"column":40}}]},"35":{"type":"branch","line":173,"loc":{"start":{"line":173,"column":40},"end":{"line":176,"column":3}},"locations":[{"start":{"line":173,"column":40},"end":{"line":176,"column":3}}]},"36":{"type":"branch","line":176,"loc":{"start":{"line":176,"column":2},"end":{"line":179,"column":34}},"locations":[{"start":{"line":176,"column":2},"end":{"line":179,"column":34}}]},"37":{"type":"branch","line":179,"loc":{"start":{"line":179,"column":26},"end":{"line":179,"column":65}},"locations":[{"start":{"line":179,"column":26},"end":{"line":179,"column":65}}]},"38":{"type":"branch","line":179,"loc":{"start":{"line":179,"column":65},"end":{"line":187,"column":3}},"locations":[{"start":{"line":179,"column":65},"end":{"line":187,"column":3}}]},"39":{"type":"branch","line":181,"loc":{"start":{"line":181,"column":27},"end":{"line":184,"column":11}},"locations":[{"start":{"line":181,"column":27},"end":{"line":184,"column":11}}]},"40":{"type":"branch","line":184,"loc":{"start":{"line":184,"column":4},"end":{"line":186,"column":5}},"locations":[{"start":{"line":184,"column":4},"end":{"line":186,"column":5}}]},"41":{"type":"branch","line":191,"loc":{"start":{"line":191,"column":0},"end":{"line":209,"column":1}},"locations":[{"start":{"line":191,"column":0},"end":{"line":209,"column":1}}]},"42":{"type":"branch","line":192,"loc":{"start":{"line":192,"column":32},"end":{"line":192,"column":66}},"locations":[{"start":{"line":192,"column":32},"end":{"line":192,"column":66}}]},"43":{"type":"branch","line":192,"loc":{"start":{"line":192,"column":66},"end":{"line":195,"column":3}},"locations":[{"start":{"line":192,"column":66},"end":{"line":195,"column":3}}]},"44":{"type":"branch","line":195,"loc":{"start":{"line":195,"column":2},"end":{"line":198,"column":46}},"locations":[{"start":{"line":195,"column":2},"end":{"line":198,"column":46}}]},"45":{"type":"branch","line":207,"loc":{"start":{"line":207,"column":58},"end":{"line":207,"column":91}},"locations":[{"start":{"line":207,"column":58},"end":{"line":207,"column":91}}]},"46":{"type":"branch","line":207,"loc":{"start":{"line":207,"column":89},"end":{"line":208,"column":79}},"locations":[{"start":{"line":207,"column":89},"end":{"line":208,"column":79}}]},"47":{"type":"branch","line":208,"loc":{"start":{"line":208,"column":58},"end":{"line":208,"column":91}},"locations":[{"start":{"line":208,"column":58},"end":{"line":208,"column":91}}]},"48":{"type":"branch","line":219,"loc":{"start":{"line":219,"column":0},"end":{"line":270,"column":1}},"locations":[{"start":{"line":219,"column":0},"end":{"line":270,"column":1}}]},"49":{"type":"branch","line":220,"loc":{"start":{"line":220,"column":34},"end":{"line":220,"column":83}},"locations":[{"start":{"line":220,"column":34},"end":{"line":220,"column":83}}]},"50":{"type":"branch","line":225,"loc":{"start":{"line":225,"column":37},"end":{"line":268,"column":3}},"locations":[{"start":{"line":225,"column":37},"end":{"line":268,"column":3}}]},"51":{"type":"branch","line":230,"loc":{"start":{"line":230,"column":6},"end":{"line":237,"column":7}},"locations":[{"start":{"line":230,"column":6},"end":{"line":237,"column":7}}]},"52":{"type":"branch","line":233,"loc":{"start":{"line":233,"column":70},"end":{"line":233,"column":106}},"locations":[{"start":{"line":233,"column":70},"end":{"line":233,"column":106}}]},"53":{"type":"branch","line":238,"loc":{"start":{"line":238,"column":6},"end":{"line":242,"column":7}},"locations":[{"start":{"line":238,"column":6},"end":{"line":242,"column":7}}]},"54":{"type":"branch","line":243,"loc":{"start":{"line":243,"column":6},"end":{"line":247,"column":7}},"locations":[{"start":{"line":243,"column":6},"end":{"line":247,"column":7}}]},"55":{"type":"branch","line":248,"loc":{"start":{"line":248,"column":6},"end":{"line":253,"column":7}},"locations":[{"start":{"line":248,"column":6},"end":{"line":253,"column":7}}]},"56":{"type":"branch","line":254,"loc":{"start":{"line":254,"column":6},"end":{"line":266,"column":7}},"locations":[{"start":{"line":254,"column":6},"end":{"line":266,"column":7}}]},"57":{"type":"branch","line":268,"loc":{"start":{"line":268,"column":2},"end":{"line":270,"column":1}},"locations":[{"start":{"line":268,"column":2},"end":{"line":270,"column":1}}]},"58":{"type":"branch","line":274,"loc":{"start":{"line":274,"column":0},"end":{"line":304,"column":1}},"locations":[{"start":{"line":274,"column":0},"end":{"line":304,"column":1}}]},"59":{"type":"branch","line":276,"loc":{"start":{"line":276,"column":4},"end":{"line":278,"column":13}},"locations":[{"start":{"line":276,"column":4},"end":{"line":278,"column":13}}]},"60":{"type":"branch","line":279,"loc":{"start":{"line":279,"column":4},"end":{"line":281,"column":13}},"locations":[{"start":{"line":279,"column":4},"end":{"line":281,"column":13}}]},"61":{"type":"branch","line":282,"loc":{"start":{"line":282,"column":4},"end":{"line":284,"column":13}},"locations":[{"start":{"line":282,"column":4},"end":{"line":284,"column":13}}]},"62":{"type":"branch","line":285,"loc":{"start":{"line":285,"column":4},"end":{"line":287,"column":13}},"locations":[{"start":{"line":285,"column":4},"end":{"line":287,"column":13}}]},"63":{"type":"branch","line":288,"loc":{"start":{"line":288,"column":4},"end":{"line":290,"column":13}},"locations":[{"start":{"line":288,"column":4},"end":{"line":290,"column":13}}]},"64":{"type":"branch","line":291,"loc":{"start":{"line":291,"column":4},"end":{"line":293,"column":13}},"locations":[{"start":{"line":291,"column":4},"end":{"line":293,"column":13}}]},"65":{"type":"branch","line":294,"loc":{"start":{"line":294,"column":4},"end":{"line":296,"column":13}},"locations":[{"start":{"line":294,"column":4},"end":{"line":296,"column":13}}]},"66":{"type":"branch","line":297,"loc":{"start":{"line":297,"column":4},"end":{"line":299,"column":13}},"locations":[{"start":{"line":297,"column":4},"end":{"line":299,"column":13}}]},"67":{"type":"branch","line":300,"loc":{"start":{"line":300,"column":4},"end":{"line":302,"column":13}},"locations":[{"start":{"line":300,"column":4},"end":{"line":302,"column":13}}]},"68":{"type":"branch","line":323,"loc":{"start":{"line":323,"column":7},"end":{"line":341,"column":1}},"locations":[{"start":{"line":323,"column":7},"end":{"line":341,"column":1}}]},"69":{"type":"branch","line":333,"loc":{"start":{"line":333,"column":17},"end":{"line":333,"column":55}},"locations":[{"start":{"line":333,"column":17},"end":{"line":333,"column":55}}]},"70":{"type":"branch","line":334,"loc":{"start":{"line":334,"column":20},"end":{"line":334,"column":52}},"locations":[{"start":{"line":334,"column":20},"end":{"line":334,"column":52}}]},"71":{"type":"branch","line":337,"loc":{"start":{"line":337,"column":32},"end":{"line":339,"column":3}},"locations":[{"start":{"line":337,"column":32},"end":{"line":339,"column":3}}]},"72":{"type":"branch","line":339,"loc":{"start":{"line":339,"column":2},"end":{"line":341,"column":1}},"locations":[{"start":{"line":339,"column":2},"end":{"line":341,"column":1}}]}},"b":{"0":[720],"1":[132],"2":[315],"3":[1779],"4":[132],"5":[183],"6":[0],"7":[156],"8":[591],"9":[8],"10":[583],"11":[2],"12":[1],"13":[154],"14":[236],"15":[0],"16":[4],"17":[9],"18":[1],"19":[8],"20":[219],"21":[2],"22":[217],"23":[12],"24":[10],"25":[2],"26":[112],"27":[100],"28":[12],"29":[115],"30":[2],"31":[113],"32":[101],"33":[15],"34":[12],"35":[11],"36":[12],"37":[6],"38":[6],"39":[1],"40":[5],"41":[3],"42":[2],"43":[1],"44":[2],"45":[1],"46":[2],"47":[1],"48":[120],"49":[0],"50":[335],"51":[221],"52":[1],"53":[1],"54":[6],"55":[1],"56":[106],"57":[6],"58":[588],"59":[6],"60":[119],"61":[1],"62":[3],"63":[112],"64":[112],"65":[4],"66":[12],"67":[219],"68":[156],"69":[138],"70":[153],"71":[588],"72":[154]},"fnMap":{"0":{"name":"emit","decl":{"start":{"line":52,"column":0},"end":{"line":55,"column":1}},"loc":{"start":{"line":52,"column":0},"end":{"line":55,"column":1}},"line":52},"1":{"name":"findTile","decl":{"start":{"line":62,"column":0},"end":{"line":69,"column":1}},"loc":{"start":{"line":62,"column":0},"end":{"line":69,"column":1}},"line":62},"2":{"name":"validateEffects","decl":{"start":{"line":77,"column":0},"end":{"line":88,"column":1}},"loc":{"start":{"line":77,"column":0},"end":{"line":88,"column":1}},"line":77},"3":{"name":"applyDamage","decl":{"start":{"line":93,"column":0},"end":{"line":100,"column":1}},"loc":{"start":{"line":93,"column":0},"end":{"line":100,"column":1}},"line":93},"4":{"name":"removeUnitPrimitive","decl":{"start":{"line":103,"column":0},"end":{"line":110,"column":1}},"loc":{"start":{"line":103,"column":0},"end":{"line":110,"column":1}},"line":103},"5":{"name":"spawnUnitPrimitive","decl":{"start":{"line":113,"column":0},"end":{"line":124,"column":1}},"loc":{"start":{"line":113,"column":0},"end":{"line":124,"column":1}},"line":113},"6":{"name":"setTerrainPrimitive","decl":{"start":{"line":127,"column":0},"end":{"line":134,"column":1}},"loc":{"start":{"line":127,"column":0},"end":{"line":134,"column":1}},"line":127},"7":{"name":"spawnHazardPrimitive","decl":{"start":{"line":137,"column":0},"end":{"line":147,"column":1}},"loc":{"start":{"line":137,"column":0},"end":{"line":147,"column":1}},"line":137},"8":{"name":"applyHazardPrimitive","decl":{"start":{"line":166,"column":0},"end":{"line":188,"column":1}},"loc":{"start":{"line":166,"column":0},"end":{"line":188,"column":1}},"line":166},"9":{"name":"swapPrimitive","decl":{"start":{"line":191,"column":0},"end":{"line":209,"column":1}},"loc":{"start":{"line":191,"column":0},"end":{"line":209,"column":1}},"line":191},"10":{"name":"resolveDisplacement","decl":{"start":{"line":219,"column":0},"end":{"line":270,"column":1}},"loc":{"start":{"line":219,"column":0},"end":{"line":270,"column":1}},"line":219},"11":{"name":"dispatch","decl":{"start":{"line":274,"column":0},"end":{"line":304,"column":1}},"loc":{"start":{"line":274,"column":0},"end":{"line":304,"column":1}},"line":274},"12":{"name":"resolve","decl":{"start":{"line":323,"column":7},"end":{"line":341,"column":1}},"loc":{"start":{"line":323,"column":7},"end":{"line":341,"column":1}},"line":323}},"f":{"0":720,"1":132,"2":156,"3":236,"4":9,"5":219,"6":12,"7":112,"8":115,"9":3,"1
[...]
":{"line":217,"column":0},"end":{"line":217,"column":61}},"217":{"start":{"line":218,"column":0},"end":{"line":218,"column":58}},"218":{"start":{"line":219,"column":0},"end":{"line":219,"column":65}},"219":{"start":{"line":220,"column":0},"end":{"line":220,"column":40}},"221":{"start":{"line":222,"column":0},"end":{"line":222,"column":32}},"222":{"start":{"line":223,"column":0},"end":{"line":223,"column":55}},"223":{"start":{"line":224,"column":0},"end":{"line":224,"column":66}},"224":{"start":{"line":225,"column":0},"end":{"line":225,"column":40}},"226":{"start":{"line":227,"column":0},"end":{"line":227,"column":25}},"227":{"start":{"line":228,"column":0},"end":{"line":228,"column":49}},"228":{"start":{"line":229,"column":0},"end":{"line":229,"column":58}},"229":{"start":{"line":230,"column":0},"end":{"line":230,"column":40}},"231":{"start":{"line":232,"column":0},"end":{"line":232,"column":29}},"232":{"start":{"line":233,"column":0},"end":{"line":233,"column":59}},"233":{"start":{"line":234,"column":0},"end":{"line":234,"column":50}},"234":{"start":{"line":235,"column":0},"end":{"line":235,"column":34}},"236":{"start":{"line":237,"column":0},"end":{"line":237,"column":28}},"237":{"start":{"line":238,"column":0},"end":{"line":238,"column":45}},"238":{"start":{"line":239,"column":0},"end":{"line":239,"column":32}},"241":{"start":{"line":242,"column":0},"end":{"line":242,"column":71}},"242":{"start":{"line":243,"column":0},"end":{"line":243,"column":24}},"243":{"start":{"line":244,"column":0},"end":{"line":244,"column":5}},"245":{"start":{"line":246,"column":0},"end":{"line":246,"column":31}},"246":{"start":{"line":247,"column":0},"end":{"line":247,"column":32}},"247":{"start":{"line":248,"column":0},"end":{"line":248,"column":13}},"248":{"start":{"line":249,"column":0},"end":{"line":249,"column":5}},"249":{"start":{"line":250,"column":0},"end":{"line":250,"column":30}},"250":{"start":{"line":251,"column":0},"end":{"line":251,"column":31}},"251":{"start":{"line":252,"column":0},"end":{"line":252,"column":13}},"252":{"start":{"line":253,"column":0},"end":{"line":253,"column":5}},"253":{"start":{"line":254,"column":0},"end":{"line":254,"column":21}},"254":{"start":{"line":255,"column":0},"end":{"line":255,"column":3}},"257":{"start":{"line":258,"column":0},"end":{"line":258,"column":39}},"258":{"start":{"line":259,"column":0},"end":{"line":259,"column":45}},"259":{"start":{"line":260,"column":0},"end":{"line":260,"column":38}},"260":{"start":{"line":261,"column":0},"end":{"line":261,"column":31}},"261":{"start":{"line":262,"column":0},"end":{"line":262,"column":18}},"262":{"start":{"line":263,"column":0},"end":{"line":263,"column":5}},"263":{"start":{"line":264,"column":0},"end":{"line":264,"column":17}},"264":{"start":{"line":265,"column":0},"end":{"line":265,"column":3}},"266":{"start":{"line":267,"column":0},"end":{"line":267,"column":49}},"267":{"start":{"line":268,"column":0},"end":{"line":268,"column":105}},"268":{"start":{"line":269,"column":0},"end":{"line":269,"column":3}},"270":{"start":{"line":271,"column":0},"end":{"line":271,"column":29}},"271":{"start":{"line":272,"column":0},"end":{"line":272,"column":19}},"272":{"start":{"line":273,"column":0},"end":{"line":273,"column":29}},"273":{"start":{"line":274,"column":0},"end":{"line":274,"column":57}},"275":{"start":{"line":276,"column":0},"end":{"line":276,"column":31}},"276":{"start":{"line":277,"column":0},"end":{"line":277,"column":60}},"277":{"start":{"line":278,"column":0},"end":{"line":278,"column":63}},"278":{"start":{"line":279,"column":0},"end":{"line":279,"column":3}},"281":{"start":{"line":282,"column":0},"end":{"line":282,"column":42}},"282":{"start":{"line":283,"column":0},"end":{"line":283,"column":68}},"283":{"start":{"line":284,"column":0},"end":{"line":284,"column":3}},"285":{"start":{"line":286,"column":0},"end":{"line":286,"column":49}},"286":{"start":{"line":287,"column":0},"end":{"line":287,"column":91}},"287":{"start":{"line":288,"column":0},"end":{"line":288,"column":35}},"288":{"start":{"line":289,"column":0},"end":{"line":289,"column":31}},"289":{"start":{"line":290,"column":0},"end":{"line":290,"column":65}},"290":{"start":{"line":291,"column":0},"end":{"line":291,"column":3}},"292":{"start":{"line":293,"column":0},"end":{"line":293,"column":65}},"293":{"start":{"line":294,"column":0},"end":{"line":294,"column":35}},"294":{"start":{"line":295,"column":0},"end":{"line":295,"column":3}},"295":{"start":{"line":296,"column":0},"end":{"line":296,"column":1}}},"s":{"51":1,"54":1,"78":1,"79":1,"80":39,"82":39,"83":39,"84":39,"85":39,"86":39,"94":39,"96":1,"97":39,"98":39,"99":39,"100":39,"101":39,"102":39,"103":39,"104":39,"105":39,"106":39,"107":39,"112":1,"113":11,"114":11,"117":1,"118":6,"119":6,"121":1,"122":8,"123":8,"126":1,"127":0,"128":0,"135":1,"136":0,"137":0,"150":1,"151":40,"153":40,"154":40,"155":40,"157":40,"158":40,"159":40,"171":1,"172":4,"173":0,"174":0,"175":4,"176":4,"177":4,"178":4,"179":4,"190":1,"191":44,"192":44,"193":44,"194":44,"195":44,"205":1,"206":3,"207":3,"208":2,"209":2,"210":3,"214":1,"215":44,"216":44,"217":44,"218":44,"219":44,"221":42,"222":42,"223":42,"224":42,"226":42,"227":42,"228":42,"229":42,"231":42,"232":42,"233":42,"234":42,"236":42,"237":42,"238":42,"241":44,"242":1,"243":1,"245":44,"246":2,"247":2,"248":2,"249":44,"250":1,"251":1,"252":1,"253":39,"254":44,"257":1,"258":128,"259":128,"260":2,"261":2,"262":2,"263":126,"264":128,"266":1,"267":170,"268":170,"270":1,"271":78,"272":78,"273":78,"275":78,"276":78,"277":78,"278":78,"281":1,"282":81,"283":81,"285":1,"286":7,"287":7,"288":7,"289":7,"290":7,"292":1,"293":420,"294":420,"295":1},"branchMap":{"0":{"type":"branch","line":80,"loc":{"start":{"line":80,"column":19},"end":{"line":95,"column":45}},"locations":[{"start":{"line":80,"column":19},"end":{"line":95,"column":45}}]},"1":{"type":"branch","line":97,"loc":{"start":{"line":97,"column":2},"end":{"line":108,"column":3}},"locations":[{"start":{"line":97,"column":2},"end":{"line":108,"column":3}}]},"2":{"type":"branch","line":107,"loc":{"start":{"line":107,"column":59},"end":{"line":107,"column":73}},"locations":[{"start":{"line":107,"column":59},"end":{"line":107,"column":73}}]},"3":{"type":"branch","line":113,"loc":{"start":{"line":113,"column":2},"end":{"line":115,"column":3}},"locations":[{"start":{"line":113,"column":2},"end":{"line":115,"column":3}}]},"4":{"type":"branch","line":118,"loc":{"start":{"line":118,"column":2},"end":{"line":120,"column":3}},"locations":[{"start":{"line":118,"column":2},"end":{"line":120,"column":3}}]},"5":{"type":"branch","line":122,"loc":{"start":{"line":122,"column":2},"end":{"line":124,"column":3}},"locations":[{"start":{"line":122,"column":2},"end":{"line":124,"column":3}}]},"6":{"type":"branch","line":151,"loc":{"start":{"line":151,"column":2},"end":{"line":160,"column":3}},"locations":[{"start":{"line":151,"column":2},"end":{"line":160,"column":3}}]},"7":{"type":"branch","line":172,"loc":{"start":{"line":172,"column":2},"end":{"line":180,"column":3}},"locations":[{"start":{"line":172,"column":2},"end":{"line":180,"column":3}}]},"8":{"type":"branch","line":173,"loc":{"start":{"line":173,"column":38},"end":{"line":175,"column":5}},"locations":[{"start":{"line":173,"column":38},"end":{"line":175,"column":5}}]},"9":{"type":"branch","line":191,"loc":{"start":{"line":191,"column":2},"end":{"line":196,"column":3}},"locations":[{"start":{"line":191,"column":2},"end":{"line":196,"column":3}}]},"10":{"type":"branch","line":192,"loc":{"start":{"line":192,"column":38},"end":{"line":192,"column":74}},"locations":[{"start":{"line":192,"column":38},"end":{"line":192,"column":74}}]},"11":{"type":"branch","line":206,"loc":{"start":{"line":206,"column":2},"end":{"line":211,"column":3}},"locations":[{"start":{"line":206,"column":2},"end":{"line":211,"column":3}}]},"12":{"type":"branch","line":207,"loc":{"start":{"line":207,"column":39},"end":{"line":207,"column":80}},"locations":[{"start":{"line":207,"column":39},"end":{"line":207,"column":80}}]},"13":{"type":"branch","line":208,"loc":{"start":{"line":208,"column":37},"end":{"line":210,"column":19}},"locations":[{"start":{"line":208,"column":37},"end":{"line":210,"column":19}}]},"14":{"type":"branch","line":208,"loc":{"start":{"line":208,"column":37},"end":{"line":208,"column":74}},"locations":[{"start":{"line":208,"column":37},"end":{"line":208,"column":74}}]},"15":{"type":"branch","line":215,"loc":{"start":{"line":215,"column":10},"end":{"line":255,"column":3}},"locations":[{"start":{"line":215,"column":10},"end":{"line":255,"column":3}}]},"16":{"type":"branch","line":220,"loc":{"start":{"line":220,"column":33},"end":{"line":220,"column":40}},"locations":[{"start":{"line":220,"column":33},"end":{"line":220,"column":40}}]},"17":{"type":"branch","line":220,"loc":{"start":{"line":220,"column":33},"end":{"line":225,"column":40}},"locations":[{"start":{"line":220,"column":33},"end":{"line":225,"column":40}}]},"18":{"type":"branch","line":225,"loc":{"start":{"line":225,"column":33},"end":{"line":225,"column":40}},"locations":[{"start":{"line":225,"column":33},"end":{"line":225,"column":40}}]},"19":{"type":"branch","line":225,"loc":{"start":{"line":225,"column":33},"end":{"line":230,"column":40}},"locations":[{"start":{"line":225,"column":33},"end":{"line":230,"column":40}}]},"20":{"type":"branch","line":230,"loc":{"start":{"line":230,"column":33},"end":{"line":230,"column":40}},"locations":[{"start":{"line":230,"column":33},"end":{"line":230,"column":40}}]},"21":{"type":"branch","line":230,"loc":{"start":{"line":230,"column":33},"end":{"line":242,"column":32}},"locations":[{"start":{"line":230,"column":33},"end":{"line":242,"column":32}}]},"22":{"type":"branch","line":242,"loc":{"start":{"line":242,"column":19},"end":{"line":242,"column":70}},"locations":[{"start":{"line":242,"column":19},"end":{"line":242,"column":70}}]},"23":{"type":"branch","line":242,"loc":{"start":{"line":242,"column":70},"end":{"line":244,"column":5}},"locations":[{"start":{"line":242,"column":70},"end":{"line":244,"column":5}}]},"24":{"type":"branch","line":244,"loc":{"start":{"line":244,"column":4},"end":{"line":246,"column":30}},"locations":[{"start":{"line":244,"column":4},"end":{"line":246,"column":30}}]},"25":{"type":"branch","line":246,"loc":{"start":{"line":246,"column":30},"end":{"line":249,"column":5}},"locations":[{"start":{"line":246,"column":30},"end":{"line":249,"column":5}}]},"26":{"type":"branch","line":249,"loc":{"start":{"line":249,"column":4},"end":{"line":250,"column":29}},"locations":[{"start":{"line":249,"column":4},"end":{"line":250,"column":29}}]},"27":{"type":"branch","line":250,"loc":{"start":{"line":250,"column":29},"end":{"line":253,"column":5}},"locations":[{"start":{"line":250,"column":29},"end":{"line":253,"column":5}}]},"28":{"type":"branch","line":253,"loc":{"start":{"line":253,"column":4},"end":{"line":254,"column":21}},"locations":[{"start":{"line":253,"column":4},"end":{"line":254,"column":21}}]},"29":{"type":"branch","line":258,"loc":{"start":{"line":258,"column":10},"end":{"line":265,"column":3}},"locations":[{"start":{"line":258,"column":10},"end":{"line":265,"column":3}}]},"30":{"type":"branch","line":260,"loc":{"start":{"line":260,"column":37},"end":{"line":263,"column":5}},"locations":[{"start":{"line":260,"column":37},"end":{"line":263,"column":5}}]},"31":{"type":"branch","line":263,"loc":{"start":{"line":263,"column":4},"end":{"line":264,"column":17}},"locations":[{"start":{"line":263,"column":4},"end":{"line":264,"column":17}}]},"32":{"type":"branch","line":267,"loc":{"start":{"line":267,"column":10},"end":{"line":269,"column":3}},"locations":[{"start":{"line":267,"column":10},"end":{"line":269,"column":3}}]},"33":{"type":"branch","line":271,"loc":{"start":{"line":271,"column":10},"end":{"line":279,"column":3}},"locations":[{"start":{"line":271,"column":10},"end":{"line":279,"column":3}}]},"34":{"type":"branch","line":282,"loc":{"start":{"line":282,"column":10},"end":{"line":284,"column":3}},"locations":[{"start":{"line":282,"column":10},"end":{"line":284,"column":3}}]},"35":{"type":"branch","line":286,"loc":{"start":{"line":286,"column":10},"end":{"line":291,"column":3}},"locations":[{"start":{"line":286,"column":10},"end":{"line":291,"column":3}}]},"36":{"type":"branch","line":287,"loc":{"start":{"line":287,"column":33},"end":{"line":287,"column":91}},"locations":[{"start":{"line":287,"column":33},"end":{"line":287,"column":91}}]},"37":{"type":"branch","line":293,"loc":{"start":{"line":293,"column":10},"end":{"line":295,"column":3}},"locations":[{"start":{"line":293,"column":10},"end":{"line":295,"column":3}}]}},"b":{"0":[39],"1":[39],"2":[36],"3":[11],"4":[6],"5":[8],"6":[40],"7":[4],"8":[0],"9":[44],"10":[0],"11":[3],"12":[0],"13":[2],"14":[1],"15":[44],"16":[2],"17":[42],"18":[0],"19":[42],"20":[0],"21":[42],"22":[40],"23":[1],"24":[42],"25":[2],"26":[40],"27":[1],"28":[39],"29":[128],"30":[2],"31":[126],"32":[170],"33":[78],"34":[81],"35":[7],"36":[0],"37":[420]},"fnMap":{"0":{"name":"<instance_members_initializer>","decl":{"start":{"line":80,"column":19},"end":{"line":95,"column":45}},"loc":{"start":{"line":80,"column":19},"end":{"line":95,"column":45}},"line":80},"1":{"name":"TurnPhaseManager","decl":{"start":{"line":97,"column":2},"end":{"line":108,"column":3}},"loc":{"start":{"line":97,"column":2},"end":{"line":108,"column":3}},"line":97},"2":{"name":"getCurrentTurn","decl":{"start":{"line":113,"column":2},"end":{"line":115,"column":3}},"loc":{"start":{"line":113,"column":2},"end":{"line":115,"column":3}},"line":113},"3":{"name":"getCurrentPhase","decl":{"start":{"line":118,"column":2},"end":{"line":120,"column":3}},"loc":{"start":{"line":118,"column":2},"end":{"line":120,"column":3}},"line":118},"4":{"name":"getBattleState","decl":{"start":{"line":122,"column":2},"end":{"line":124,"column":3}},"loc":{"start":{"line":122,"column":2},"end":{"line":124,"column":3}},"line":122},"5":{"name":"getBoard","decl":{"start":{"line":127,"column":2},"end":{"line":129,"column":3}},"loc":{"start":{"line":127,"column":2},"end":{"line":129,"column":3}},"line":127},"6":{"name":"getPlayerPhaseSnapshotCount","decl":{"start":{"line":136,"column":2},"end":{"line":138,"column":3}},"loc":{"start":{"line":136,"column":2},"end":{"line":138,"column":3}},"line":136},"7":{"name":"startBattle","decl":{"start":{"line":151,"column":2},"end":{"line":160,"column":3}},"loc":{"start":{"line":151,"column":2},"end":{"line":160,"column":3}},"line":151},"8":{"name":"applyAction","decl":{"start":{"line":172,"column":2},"end":{"line":180,"column":3}},"loc":{"start":{"line":172,"column":2},"end":{"line":180,"column":3}},"line":172},"9":{"name":"endPlayerPhase","decl":{"start":{"line":191,"column":2},"end":{"line":196,"column":3}},"loc":{"start":{"line":191,"column":2},"end":{"line":196,"column":3}},"line":191},"10":{"name":"abandon","decl":{"start":{"line":206,"column":2},"end":{"line":211,"column":3}},"loc":{"start":{"line":206,"column":2},"end":{"line":211,"column":3}},"line":206},"11":{"name":"runSystemPhases","decl":{"start":{"line":215,"column":10},"end":{"line":255,"column":3}},"loc":{"start":{"line":215,"column":10},"end":{"line":255,"column":3}},"line":215},"12":{"name":"checkEarlyDefeat","decl":{"start":{"line":258,"column":10},"end":{"line":265,"column":3}},"loc":{"start":{"line":258,"column":10},"end":{"line":265,"column":3}},"line":258},"13":{"name":"evaluateObjective","decl":{"start":{"line":267,"column":10},"end":{"line":269,"column":3}},"loc":{"start":{"line":267,"column":10},"end":{"line":269,"column":3}},"line":267},"14":{"name":"beginTurn","decl":{"start":{"line":271,"column":10},"end":{"line":279,"column":3}},"loc":{"start":{"line":271,"column":10},"end":{"line":279,"column":3}},"line":271},"15":{"name":"emitIntentsTelegraphed","decl":{"start":{"line":282,"column":10},"end":{"line":284,"column":3}},"loc":{"start":{"line":282,"column":10},"end":{"line":284,"column":3}},"line":282},"16":{"name":"endBattle","decl":{"start":{"line":286,"column":10},"end":{"line":291,"column":3}},"loc":{"start":{"line":286,"column":10},"end":{"line":291,"column":3}},"line":286},"17":{"name":"emit","decl":{"start":{"line":293,"column":10},"end":{"line":295,"column":3}},"loc":{"start":{"line":293,"column":10},"end":{"line":295,"column":3}},"line":293}},"f":{"0":39,"1":39,"2":11,"3":6,"4":8,"5":0,"6":0,"7":40,"8":4,"9":44,"10":3,"11":44,"12":128,"13":170,"14":78,"15":81,"16":7,"17":420}}
,"E:\\3HP-Project\\game-test-3\\src\\core\\turn\\turn-phase-result.ts": {"path":"E:\\3HP-Project\\game-test-3\\src\\core\\turn\\turn-phase-result.ts","all":false,"statementMap":{"28":{"start":{"line":29,"column":0},"end":{"line":29,"column":63}},"31":{"start":{"line":32,"column":0},"end":{"line":32,"column":66}},"32":{"start":{"line":33,"column":0},"end":{"line":33,"column":31}},"33":{"start":{"line":34,"column":0},"end":{"line":34,"column":1}},"45":{"start":{"line":46,"column":0},"end":{"line":46,"column":47}},"46":{"start":{"line":47,"column":0},"end":{"line":47,"column":32}},"47":{"start":{"line":48,"column":0},"end":{"line":48,"column":19}},"48":{"start":{"line":49,"column":0},"end":{"line":49,"column":37}},"49":{"start":{"line":50,"column":0},"end":{"line":50,"column":3}},"50":{"start":{"line":51,"column":0},"end":{"line":51,"column":1}},"53":{"start":{"line":54,"column":0},"end":{"line":54,"column":87}},"54":{"start":{"line":55,"column":0},"end":{"line":55,"column":19}},"55":{"start":{"line":56,"column":0},"end":{"line":56,"column":42}},"56":{"start":{"line":57,"column":0},"end":{"line":57,"column":3}},"57":{"start":{"line":58,"column":0},"end":{"line":58,"column":1}}},"s":{"28":1,"31":1,"32":1,"33":1,"45":1,"46":1,"47":1,"48":1,"49":1,"50":1,"53":1,"54":40,"55":1,"56":1,"57":40},"branchMap":{"0":{"type":"branch","line":32,"loc":{"start":{"line":32,"column":7},"end":{"line":34,"column":1}},"locations":[{"start":{"line":32,"column":7},"end":{"line":34,"column":1}}]},"1":{"type":"branch","line":47,"loc":{"start":{"line":47,"column":2},"end":{"line":50,"column":3}},"locations":[{"start":{"line":47,"column":2},"end":{"line":50,"column":3}}]},"2":{"type":"branch","line":54,"loc":{"start":{"line":54,"column":7},"end":{"line":58,"column":1}},"locations":[{"start":{"line":54,"column":7},"end":{"line":58,"column":1}}]},"3":{"type":"branch","line":55,"loc":{"start":{"line":55,"column":18},"end":{"line":57,"column":3}},"locations":[{"start":{"line":55,"column":18},"end":{"line":57,"column":3}}]}},"b":{"0":[1],"1":[1],"2":[40],"3":[1]},"fnMap":{"0":{"name":"turnReject","decl":{"start":{"line":32,"column":7},"end":{"line":34,"column":1}},"loc":{"start":{"line":32,"column":7},"end":{"line":34,"column":1}},"line":32},"1":{"name":"TurnInvariantError","decl":{"start":{"line":47,"column":2},"end":{"line":50,"column":3}},"loc":{"start":{"line":47,"column":2},"end":{"line":50,"column":3}},"line":47},"2":{"name":"turnInvariant","decl":{"start":{"line":54,"column":7},"end":{"line":58,"column":1}},"loc":{"start":{"line":54,"column":7},"end":{"line":58,"column":1}},"line":54}},"f":{"0":1,"1":1,"2":40}}
,"E:\\3HP-Project\\game-test-3\\src\\core\\turn\\turn-phase-types.ts": {"path":"E:\\3HP-Project\\game-test-3\\src\\core\\turn\\turn-phase-types.ts","all":false,"statementMap":{"40":{"start":{"line":41,"column":0},"end":{"line":41,"column":45}},"41":{"start":{"line":42,"column":0},"end":{"line":42,"column":14}},"42":{"start":{"line":43,"column":0},"end":{"line":43,"column":16}},"43":{"start":{"line":44,"column":0},"end":{"line":44,"column":16}},"44":{"start":{"line":45,"column":0},"end":{"line":45,"column":17}},"45":{"start":{"line":46,"column":0},"end":{"line":46,"column":10}},"46":{"start":{"line":47,"column":0},"end":{"line":47,"column":14}},"47":{"start":{"line":48,"column":0},"end":{"line":48,"column":13}},"48":{"start":{"line":49,"column":0},"end":{"line":49,"column":2}}},"s":{"40":1,"41":1,"42":1,"43":1,"44":1,"45":1,"46":1,"47":1,"48":1},"branchMap":{},"b":{},"fnMap":{},"f":{}}
}
